[ 2017-11-28T09:34:57+08:00 ] ::1 /hospital/index.php/Admin/Login/verifyImg
INFO: [ app_init ] --START--
INFO: Run Behavior\BuildLiteBehavior [ RunTime:0.000000s ]
INFO: [ app_init ] --END-- [ RunTime:0.007000s ]
INFO: [ app_begin ] --START--
INFO: Run Behavior\ReadHtmlCacheBehavior [ RunTime:0.004000s ]
INFO: [ app_begin ] --END-- [ RunTime:0.005000s ]

[ 2017-11-28T09:37:19+08:00 ] ::1 /hospital/index.php/Admin/Login/verifyImg
INFO: [ app_init ] --START--
INFO: Run Behavior\BuildLiteBehavior [ RunTime:0.000000s ]
INFO: [ app_init ] --END-- [ RunTime:0.005000s ]
INFO: [ app_begin ] --START--
INFO: Run Behavior\ReadHtmlCacheBehavior [ RunTime:0.004000s ]
INFO: [ app_begin ] --END-- [ RunTime:0.004000s ]
INFO: [ app_end ] --START--
INFO: Run Behavior\ShowPageTraceBehavior [ RunTime:0.004001s ]
INFO: [ app_end ] --END-- [ RunTime:0.004001s ]

[ 2017-11-28T09:50:07+08:00 ] ::1 /hospital/index.php/Admin/Login/verifyImg
INFO: [ app_init ] --START--
INFO: Run Behavior\BuildLiteBehavior [ RunTime:0.000000s ]
INFO: [ app_init ] --END-- [ RunTime:0.004000s ]
INFO: [ app_begin ] --START--
INFO: Run Behavior\ReadHtmlCacheBehavior [ RunTime:0.006000s ]
INFO: [ app_begin ] --END-- [ RunTime:0.006000s ]
INFO: [ app_end ] --START--
INFO: Run Behavior\ShowPageTraceBehavior [ RunTime:0.008000s ]
INFO: [ app_end ] --END-- [ RunTime:0.008000s ]

[ 2017-11-28T09:50:15+08:00 ] ::1 /hospital/index.php/Admin/Login/login
INFO: [ app_init ] --START--
INFO: Run Behavior\BuildLiteBehavior [ RunTime:0.001000s ]
INFO: [ app_init ] --END-- [ RunTime:0.002000s ]
INFO: [ app_begin ] --START--
INFO: Run Behavior\ReadHtmlCacheBehavior [ RunTime:0.001000s ]
INFO: [ app_begin ] --END-- [ RunTime:0.002000s ]
SQL: SHOW COLUMNS FROM `login` [ RunTime:0.0780s ]
INFO: [ view_parse ] --START--
NOTIC: [8] Undefined index: errorInfo C:\xampp\htdocs\hospital\Application\Runtime\Cache\c73415eed9521566291a09c320e3b93d188083cb.file.login.html.php 第 55 行.
NOTIC: [8] Trying to get property of non-object C:\xampp\htdocs\hospital\Application\Runtime\Cache\c73415eed9521566291a09c320e3b93d188083cb.file.login.html.php 第 55 行.
NOTIC: [8] Undefined index: errorInfo C:\xampp\htdocs\hospital\Application\Runtime\Cache\c73415eed9521566291a09c320e3b93d188083cb.file.login.html.php 第 62 行.
NOTIC: [8] Trying to get property of non-object C:\xampp\htdocs\hospital\Application\Runtime\Cache\c73415eed9521566291a09c320e3b93d188083cb.file.login.html.php 第 62 行.
INFO: Run Behavior\ParseTemplateBehavior [ RunTime:0.234013s ]
INFO: [ view_parse ] --END-- [ RunTime:0.235013s ]
INFO: [ view_filter ] --START--
INFO: Run Behavior\WriteHtmlCacheBehavior [ RunTime:0.004000s ]
INFO: [ view_filter ] --END-- [ RunTime:0.004000s ]
INFO: [ app_end ] --START--
INFO: Run Behavior\ShowPageTraceBehavior [ RunTime:0.002000s ]
INFO: [ app_end ] --END-- [ RunTime:0.002000s ]

