[ 2017-12-19T10:11:09+08:00 ] ::1 /hospital/index.php/Admin/HospitalManager/hos_info_manage
INFO: [ app_init ] --START--
INFO: Run Behavior\BuildLiteBehavior [ RunTime:0.000000s ]
INFO: [ app_init ] --END-- [ RunTime:0.019001s ]
INFO: [ app_begin ] --START--
INFO: Run Behavior\ReadHtmlCacheBehavior [ RunTime:0.004000s ]
INFO: [ app_begin ] --END-- [ RunTime:0.004000s ]
INFO: [ view_parse ] --START--
NOTIC: [2] filemtime(): stat failed for ./Application/Runtime/Cache\b92e291f4305e96aba9d3f160b6d8f8f4c039f4e.file.hos_info_manage.html.php C:\xampp\htdocs\hospital\ThinkPHP\Library\Vendor\Smarty\sysplugins\smarty_resource.php 第 683 行.
ERR: Syntax Error in template "./Application/Admin/View\HospitalManager\hos_info_manage.html"  on line 162 "&lt;a href=&quot;admin-offcanvas&quot; class=&quot;am-icon-btn am-icon-th-list am-show-sm-only admin-menu&quot; data-am-offcanvas=&quot;{target: '#admin-offcanvas'}&quot;&gt;&lt;!--&lt;i class=&quot;fa fa-bars&quot; aria-hidden=&quot;true&quot;&gt;&lt;/i&gt;--&gt;&lt;/a&gt;"  - Unexpected ": ", expected one of: "}" , " "

[ 2017-12-19T10:18:26+08:00 ] ::1 /hospital/index.php/Admin/HospitalManger/hos_info_mange
INFO: [ app_init ] --START--
INFO: Run Behavior\BuildLiteBehavior [ RunTime:0.000000s ]
INFO: [ app_init ] --END-- [ RunTime:0.001000s ]
INFO: [ app_begin ] --START--
INFO: Run Behavior\ReadHtmlCacheBehavior [ RunTime:0.002000s ]
INFO: [ app_begin ] --END-- [ RunTime:0.003000s ]
ERR: 无法加载控制器:HospitalManger

[ 2017-12-19T11:00:48+08:00 ] ::1 /hospital/index.php/Admin/HospitalManager/hos_info_manage
INFO: [ app_init ] --START--
INFO: Run Behavior\BuildLiteBehavior [ RunTime:0.000000s ]
INFO: [ app_init ] --END-- [ RunTime:0.002001s ]
INFO: [ app_begin ] --START--
INFO: Run Behavior\ReadHtmlCacheBehavior [ RunTime:0.002000s ]
INFO: [ app_begin ] --END-- [ RunTime:0.003000s ]
INFO: [ view_parse ] --START--
NOTIC: [2] filemtime(): stat failed for ./Application/Runtime/Cache\b92e291f4305e96aba9d3f160b6d8f8f4c039f4e.file.hos_info_manage.html.php C:\xampp\htdocs\hospital\ThinkPHP\Library\Vendor\Smarty\sysplugins\smarty_resource.php 第 683 行.
ERR: Syntax Error in template "./Application/Admin/View\HospitalManager\hos_info_manage.html"  on line 162 "&lt;a href=&quot;admin-offcanvas&quot; class=&quot;am-icon-btn am-icon-th-list am-show-sm-only admin-menu&quot; data-am-offcanvas=&quot;{target: '#admin-offcanvas'}&quot;&gt;&lt;!--&lt;i class=&quot;fa fa-bars&quot; aria-hidden=&quot;true&quot;&gt;&lt;/i&gt;--&gt;&lt;/a&gt;"  - Unexpected ": ", expected one of: "}" , " "

[ 2017-12-19T11:02:04+08:00 ] ::1 /hospital/index.php/Admin/HospitalManager/hos_info_manage
INFO: [ app_init ] --START--
INFO: Run Behavior\BuildLiteBehavior [ RunTime:0.000000s ]
INFO: [ app_init ] --END-- [ RunTime:0.001000s ]
INFO: [ app_begin ] --START--
INFO: Run Behavior\ReadHtmlCacheBehavior [ RunTime:0.002000s ]
INFO: [ app_begin ] --END-- [ RunTime:0.002000s ]
INFO: [ view_parse ] --START--
NOTIC: [2] filemtime(): stat failed for ./Application/Runtime/Cache\b92e291f4305e96aba9d3f160b6d8f8f4c039f4e.file.hos_info_manage.html.php C:\xampp\htdocs\hospital\ThinkPHP\Library\Vendor\Smarty\sysplugins\smarty_resource.php 第 683 行.
NOTIC: [2] unlink(./Application/Runtime/Cache\b92e291f4305e96aba9d3f160b6d8f8f4c039f4e.file.hos_info_manage.html.php): No such file or directory C:\xampp\htdocs\hospital\ThinkPHP\Library\Vendor\Smarty\sysplugins\smarty_internal_write_file.php 第 49 行.
INFO: Run Behavior\ParseTemplateBehavior [ RunTime:0.186010s ]
INFO: [ view_parse ] --END-- [ RunTime:0.186010s ]
INFO: [ view_filter ] --START--
INFO: Run Behavior\WriteHtmlCacheBehavior [ RunTime:0.004001s ]
INFO: [ view_filter ] --END-- [ RunTime:0.004001s ]
INFO: [ app_end ] --START--
INFO: Run Behavior\ShowPageTraceBehavior [ RunTime:0.003000s ]
INFO: [ app_end ] --END-- [ RunTime:0.004000s ]

