[ 2017-12-14T10:55:24+08:00 ] ::1 /hospital/index.php/Admin/SystemManager/hos_manage
INFO: [ app_init ] --START--
INFO: Run Behavior\BuildLiteBehavior [ RunTime:0.000000s ]
INFO: [ app_init ] --END-- [ RunTime:0.007000s ]
INFO: [ app_begin ] --START--
INFO: Run Behavior\ReadHtmlCacheBehavior [ RunTime:0.012001s ]
INFO: [ app_begin ] --END-- [ RunTime:0.012001s ]
SQL: SHOW COLUMNS FROM `hospital` [ RunTime:0.0100s ]
INFO: [ view_parse ] --START--
NOTIC: [8] Undefined index: admin_name C:\xampp\htdocs\hospital\Application\Runtime\Cache\f256278d99ee8e5e7db1858ab055316572340347.file.hos_manage.html.php 第 76 行.
NOTIC: [8] Undefined index: error C:\xampp\htdocs\hospital\Application\Runtime\Cache\f256278d99ee8e5e7db1858ab055316572340347.file.hos_manage.html.php 第 129 行.
NOTIC: [8] Trying to get property of non-object C:\xampp\htdocs\hospital\Application\Runtime\Cache\f256278d99ee8e5e7db1858ab055316572340347.file.hos_manage.html.php 第 129 行.
NOTIC: [8] Undefined index: info C:\xampp\htdocs\hospital\Application\Runtime\Cache\f256278d99ee8e5e7db1858ab055316572340347.file.hos_manage.html.php 第 152 行.
NOTIC: [8] Trying to get property of non-object C:\xampp\htdocs\hospital\Application\Runtime\Cache\f256278d99ee8e5e7db1858ab055316572340347.file.hos_manage.html.php 第 152 行.
INFO: Run Behavior\ParseTemplateBehavior [ RunTime:0.054003s ]
INFO: [ view_parse ] --END-- [ RunTime:0.054003s ]
INFO: [ view_filter ] --START--
INFO: Run Behavior\WriteHtmlCacheBehavior [ RunTime:0.009000s ]
INFO: [ view_filter ] --END-- [ RunTime:0.009000s ]
INFO: [ view_parse ] --START--
NOTIC: [8] Undefined index: admin_name C:\xampp\htdocs\hospital\Application\Runtime\Cache\f256278d99ee8e5e7db1858ab055316572340347.file.hos_manage.html.php 第 76 行.
NOTIC: [8] Undefined index: error C:\xampp\htdocs\hospital\Application\Runtime\Cache\f256278d99ee8e5e7db1858ab055316572340347.file.hos_manage.html.php 第 129 行.
NOTIC: [8] Trying to get property of non-object C:\xampp\htdocs\hospital\Application\Runtime\Cache\f256278d99ee8e5e7db1858ab055316572340347.file.hos_manage.html.php 第 129 行.
NOTIC: [8] Undefined index: info C:\xampp\htdocs\hospital\Application\Runtime\Cache\f256278d99ee8e5e7db1858ab055316572340347.file.hos_manage.html.php 第 152 行.
NOTIC: [8] Trying to get property of non-object C:\xampp\htdocs\hospital\Application\Runtime\Cache\f256278d99ee8e5e7db1858ab055316572340347.file.hos_manage.html.php 第 152 行.
INFO: Run Behavior\ParseTemplateBehavior [ RunTime:0.001000s ]
INFO: [ view_parse ] --END-- [ RunTime:-0.010000s ]
INFO: [ view_filter ] --START--
INFO: Run Behavior\WriteHtmlCacheBehavior [ RunTime:0.000000s ]
INFO: [ view_filter ] --END-- [ RunTime:-0.002000s ]
NOTIC: [2] Cannot modify header information - headers already sent by (output started at C:\xampp\htdocs\hospital\ThinkPHP\Library\Think\View.class.php:95) C:\xampp\htdocs\hospital\ThinkPHP\Library\Think\View.class.php 第 91 行.
NOTIC: [2] Cannot modify header information - headers already sent by (output started at C:\xampp\htdocs\hospital\ThinkPHP\Library\Think\View.class.php:95) C:\xampp\htdocs\hospital\ThinkPHP\Library\Think\View.class.php 第 92 行.
NOTIC: [2] Cannot modify header information - headers already sent by (output started at C:\xampp\htdocs\hospital\ThinkPHP\Library\Think\View.class.php:95) C:\xampp\htdocs\hospital\ThinkPHP\Library\Think\View.class.php 第 93 行.
INFO: [ app_end ] --START--
INFO: Run Behavior\ShowPageTraceBehavior [ RunTime:0.005001s ]
INFO: [ app_end ] --END-- [ RunTime:0.005001s ]

[ 2017-12-14T10:55:38+08:00 ] ::1 /hospital/index.php/Admin/SystemManager/hos_manage
INFO: [ app_init ] --START--
INFO: Run Behavior\BuildLiteBehavior [ RunTime:0.000000s ]
INFO: [ app_init ] --END-- [ RunTime:0.002001s ]
INFO: [ app_begin ] --START--
INFO: Run Behavior\ReadHtmlCacheBehavior [ RunTime:0.002000s ]
INFO: [ app_begin ] --END-- [ RunTime:0.003000s ]
SQL: SHOW COLUMNS FROM `hospital` [ RunTime:0.0090s ]
INFO: [ view_parse ] --START--
NOTIC: [8] Undefined index: admin_name C:\xampp\htdocs\hospital\Application\Runtime\Cache\f256278d99ee8e5e7db1858ab055316572340347.file.hos_manage.html.php 第 76 行.
NOTIC: [8] Undefined index: error C:\xampp\htdocs\hospital\Application\Runtime\Cache\f256278d99ee8e5e7db1858ab055316572340347.file.hos_manage.html.php 第 129 行.
NOTIC: [8] Trying to get property of non-object C:\xampp\htdocs\hospital\Application\Runtime\Cache\f256278d99ee8e5e7db1858ab055316572340347.file.hos_manage.html.php 第 129 行.
NOTIC: [8] Undefined index: info C:\xampp\htdocs\hospital\Application\Runtime\Cache\f256278d99ee8e5e7db1858ab055316572340347.file.hos_manage.html.php 第 152 行.
NOTIC: [8] Trying to get property of non-object C:\xampp\htdocs\hospital\Application\Runtime\Cache\f256278d99ee8e5e7db1858ab055316572340347.file.hos_manage.html.php 第 152 行.
INFO: Run Behavior\ParseTemplateBehavior [ RunTime:0.024001s ]
INFO: [ view_parse ] --END-- [ RunTime:0.025001s ]
INFO: [ view_filter ] --START--
INFO: Run Behavior\WriteHtmlCacheBehavior [ RunTime:0.002000s ]
INFO: [ view_filter ] --END-- [ RunTime:0.002000s ]
INFO: [ app_end ] --START--
INFO: Run Behavior\ShowPageTraceBehavior [ RunTime:0.002000s ]
INFO: [ app_end ] --END-- [ RunTime:0.002000s ]

[ 2017-12-14T10:56:07+08:00 ] ::1 /hospital/index.php/Admin/SystemManager/hos_manage
INFO: [ app_init ] --START--
INFO: Run Behavior\BuildLiteBehavior [ RunTime:0.000000s ]
INFO: [ app_init ] --END-- [ RunTime:0.001000s ]
INFO: [ app_begin ] --START--
INFO: Run Behavior\ReadHtmlCacheBehavior [ RunTime:0.003000s ]
INFO: [ app_begin ] --END-- [ RunTime:0.003000s ]
SQL: SHOW COLUMNS FROM `hospital` [ RunTime:0.0110s ]
INFO: [ view_parse ] --START--
NOTIC: [8] Undefined index: admin_name C:\xampp\htdocs\hospital\Application\Runtime\Cache\f256278d99ee8e5e7db1858ab055316572340347.file.hos_manage.html.php 第 76 行.
NOTIC: [8] Undefined index: error C:\xampp\htdocs\hospital\Application\Runtime\Cache\f256278d99ee8e5e7db1858ab055316572340347.file.hos_manage.html.php 第 129 行.
NOTIC: [8] Trying to get property of non-object C:\xampp\htdocs\hospital\Application\Runtime\Cache\f256278d99ee8e5e7db1858ab055316572340347.file.hos_manage.html.php 第 129 行.
NOTIC: [8] Undefined index: info C:\xampp\htdocs\hospital\Application\Runtime\Cache\f256278d99ee8e5e7db1858ab055316572340347.file.hos_manage.html.php 第 152 行.
NOTIC: [8] Trying to get property of non-object C:\xampp\htdocs\hospital\Application\Runtime\Cache\f256278d99ee8e5e7db1858ab055316572340347.file.hos_manage.html.php 第 152 行.
INFO: Run Behavior\ParseTemplateBehavior [ RunTime:0.038002s ]
INFO: [ view_parse ] --END-- [ RunTime:0.038002s ]
INFO: [ view_filter ] --START--
INFO: Run Behavior\WriteHtmlCacheBehavior [ RunTime:0.003000s ]
INFO: [ view_filter ] --END-- [ RunTime:0.003000s ]
INFO: [ app_end ] --START--
INFO: Run Behavior\ShowPageTraceBehavior [ RunTime:0.003001s ]
INFO: [ app_end ] --END-- [ RunTime:0.003001s ]

[ 2017-12-14T10:56:37+08:00 ] ::1 /hospital/index.php/Admin/SystemManager/hos_manage
INFO: [ app_init ] --START--
INFO: Run Behavior\BuildLiteBehavior [ RunTime:0.000000s ]
INFO: [ app_init ] --END-- [ RunTime:0.001000s ]
INFO: [ app_begin ] --START--
INFO: Run Behavior\ReadHtmlCacheBehavior [ RunTime:0.004000s ]
INFO: [ app_begin ] --END-- [ RunTime:0.004000s ]
SQL: SHOW COLUMNS FROM `hospital` [ RunTime:0.0150s ]
INFO: [ view_parse ] --START--
NOTIC: [8] Undefined index: admin_name C:\xampp\htdocs\hospital\Application\Runtime\Cache\f256278d99ee8e5e7db1858ab055316572340347.file.hos_manage.html.php 第 76 行.
NOTIC: [8] Undefined index: error C:\xampp\htdocs\hospital\Application\Runtime\Cache\f256278d99ee8e5e7db1858ab055316572340347.file.hos_manage.html.php 第 129 行.
NOTIC: [8] Trying to get property of non-object C:\xampp\htdocs\hospital\Application\Runtime\Cache\f256278d99ee8e5e7db1858ab055316572340347.file.hos_manage.html.php 第 129 行.
NOTIC: [8] Undefined index: info C:\xampp\htdocs\hospital\Application\Runtime\Cache\f256278d99ee8e5e7db1858ab055316572340347.file.hos_manage.html.php 第 152 行.
NOTIC: [8] Trying to get property of non-object C:\xampp\htdocs\hospital\Application\Runtime\Cache\f256278d99ee8e5e7db1858ab055316572340347.file.hos_manage.html.php 第 152 行.
INFO: Run Behavior\ParseTemplateBehavior [ RunTime:0.043002s ]
INFO: [ view_parse ] --END-- [ RunTime:0.044002s ]
INFO: [ view_filter ] --START--
INFO: Run Behavior\WriteHtmlCacheBehavior [ RunTime:0.003000s ]
INFO: [ view_filter ] --END-- [ RunTime:0.003000s ]
INFO: [ app_end ] --START--
INFO: Run Behavior\ShowPageTraceBehavior [ RunTime:0.005000s ]
INFO: [ app_end ] --END-- [ RunTime:0.006000s ]

[ 2017-12-14T10:58:15+08:00 ] ::1 /hospital/index.php/Admin/SystemManager/hos_manage
INFO: [ app_init ] --START--
INFO: Run Behavior\BuildLiteBehavior [ RunTime:0.000000s ]
INFO: [ app_init ] --END-- [ RunTime:0.002000s ]
INFO: [ app_begin ] --START--
INFO: Run Behavior\ReadHtmlCacheBehavior [ RunTime:0.003000s ]
INFO: [ app_begin ] --END-- [ RunTime:0.003000s ]
SQL: SHOW COLUMNS FROM `hospital` [ RunTime:0.0100s ]
INFO: [ view_parse ] --START--
NOTIC: [8] Undefined index: admin_name C:\xampp\htdocs\hospital\Application\Runtime\Cache\f256278d99ee8e5e7db1858ab055316572340347.file.hos_manage.html.php 第 76 行.
NOTIC: [8] Undefined index: error C:\xampp\htdocs\hospital\Application\Runtime\Cache\f256278d99ee8e5e7db1858ab055316572340347.file.hos_manage.html.php 第 130 行.
NOTIC: [8] Trying to get property of non-object C:\xampp\htdocs\hospital\Application\Runtime\Cache\f256278d99ee8e5e7db1858ab055316572340347.file.hos_manage.html.php 第 130 行.
NOTIC: [8] Undefined index: info C:\xampp\htdocs\hospital\Application\Runtime\Cache\f256278d99ee8e5e7db1858ab055316572340347.file.hos_manage.html.php 第 153 行.
NOTIC: [8] Trying to get property of non-object C:\xampp\htdocs\hospital\Application\Runtime\Cache\f256278d99ee8e5e7db1858ab055316572340347.file.hos_manage.html.php 第 153 行.
INFO: Run Behavior\ParseTemplateBehavior [ RunTime:0.234014s ]
INFO: [ view_parse ] --END-- [ RunTime:0.234014s ]
INFO: [ view_filter ] --START--
INFO: Run Behavior\WriteHtmlCacheBehavior [ RunTime:0.006000s ]
INFO: [ view_filter ] --END-- [ RunTime:0.006000s ]
INFO: [ view_parse ] --START--
NOTIC: [8] Undefined index: admin_name C:\xampp\htdocs\hospital\Application\Runtime\Cache\f256278d99ee8e5e7db1858ab055316572340347.file.hos_manage.html.php 第 76 行.
NOTIC: [8] Undefined index: error C:\xampp\htdocs\hospital\Application\Runtime\Cache\f256278d99ee8e5e7db1858ab055316572340347.file.hos_manage.html.php 第 130 行.
NOTIC: [8] Trying to get property of non-object C:\xampp\htdocs\hospital\Application\Runtime\Cache\f256278d99ee8e5e7db1858ab055316572340347.file.hos_manage.html.php 第 130 行.
NOTIC: [8] Undefined index: info C:\xampp\htdocs\hospital\Application\Runtime\Cache\f256278d99ee8e5e7db1858ab055316572340347.file.hos_manage.html.php 第 153 行.
NOTIC: [8] Trying to get property of non-object C:\xampp\htdocs\hospital\Application\Runtime\Cache\f256278d99ee8e5e7db1858ab055316572340347.file.hos_manage.html.php 第 153 行.
INFO: Run Behavior\ParseTemplateBehavior [ RunTime:0.003000s ]
INFO: [ view_parse ] --END-- [ RunTime:-0.007000s ]
INFO: [ view_filter ] --START--
INFO: Run Behavior\WriteHtmlCacheBehavior [ RunTime:0.000000s ]
INFO: [ view_filter ] --END-- [ RunTime:-0.004000s ]
NOTIC: [2] Cannot modify header information - headers already sent by (output started at C:\xampp\htdocs\hospital\ThinkPHP\Library\Think\View.class.php:95) C:\xampp\htdocs\hospital\ThinkPHP\Library\Think\View.class.php 第 91 行.
NOTIC: [2] Cannot modify header information - headers already sent by (output started at C:\xampp\htdocs\hospital\ThinkPHP\Library\Think\View.class.php:95) C:\xampp\htdocs\hospital\ThinkPHP\Library\Think\View.class.php 第 92 行.
NOTIC: [2] Cannot modify header information - headers already sent by (output started at C:\xampp\htdocs\hospital\ThinkPHP\Library\Think\View.class.php:95) C:\xampp\htdocs\hospital\ThinkPHP\Library\Think\View.class.php 第 93 行.
INFO: [ app_end ] --START--
INFO: Run Behavior\ShowPageTraceBehavior [ RunTime:0.006001s ]
INFO: [ app_end ] --END-- [ RunTime:0.006001s ]

[ 2017-12-14T11:06:08+08:00 ] ::1 /hospital/index.php/Admin/SystemManager/hos_manage
INFO: [ app_init ] --START--
INFO: Run Behavior\BuildLiteBehavior [ RunTime:0.000000s ]
INFO: [ app_init ] --END-- [ RunTime:0.001000s ]
INFO: [ app_begin ] --START--
INFO: Run Behavior\ReadHtmlCacheBehavior [ RunTime:0.002000s ]
INFO: [ app_begin ] --END-- [ RunTime:0.002000s ]

[ 2017-12-14T11:11:06+08:00 ] ::1 /hospital/index.php/Admin/SystemManager/hos_manage
INFO: [ app_init ] --START--
INFO: Run Behavior\BuildLiteBehavior [ RunTime:0.000000s ]
INFO: [ app_init ] --END-- [ RunTime:0.002000s ]
INFO: [ app_begin ] --START--
INFO: Run Behavior\ReadHtmlCacheBehavior [ RunTime:0.004000s ]
INFO: [ app_begin ] --END-- [ RunTime:0.004000s ]

[ 2017-12-14T11:14:48+08:00 ] ::1 /hospital/index.php/Admin/SystemManager/hos_manage
INFO: [ app_init ] --START--
INFO: Run Behavior\BuildLiteBehavior [ RunTime:0.000000s ]
INFO: [ app_init ] --END-- [ RunTime:0.002000s ]
INFO: [ app_begin ] --START--
INFO: Run Behavior\ReadHtmlCacheBehavior [ RunTime:0.007000s ]
INFO: [ app_begin ] --END-- [ RunTime:0.007000s ]
SQL: SHOW COLUMNS FROM `hospital` [ RunTime:0.0110s ]
INFO: [ view_parse ] --START--
NOTIC: [8] Undefined index: admin_name C:\xampp\htdocs\hospital\Application\Runtime\Cache\f256278d99ee8e5e7db1858ab055316572340347.file.hos_manage.html.php 第 75 行.
NOTIC: [8] Undefined index: error C:\xampp\htdocs\hospital\Application\Runtime\Cache\f256278d99ee8e5e7db1858ab055316572340347.file.hos_manage.html.php 第 129 行.
NOTIC: [8] Trying to get property of non-object C:\xampp\htdocs\hospital\Application\Runtime\Cache\f256278d99ee8e5e7db1858ab055316572340347.file.hos_manage.html.php 第 129 行.
NOTIC: [8] Undefined index: info C:\xampp\htdocs\hospital\Application\Runtime\Cache\f256278d99ee8e5e7db1858ab055316572340347.file.hos_manage.html.php 第 152 行.
NOTIC: [8] Trying to get property of non-object C:\xampp\htdocs\hospital\Application\Runtime\Cache\f256278d99ee8e5e7db1858ab055316572340347.file.hos_manage.html.php 第 152 行.
INFO: Run Behavior\ParseTemplateBehavior [ RunTime:0.258015s ]
INFO: [ view_parse ] --END-- [ RunTime:0.258015s ]
INFO: [ view_filter ] --START--
INFO: Run Behavior\WriteHtmlCacheBehavior [ RunTime:0.003000s ]
INFO: [ view_filter ] --END-- [ RunTime:0.004000s ]
INFO: [ view_parse ] --START--
NOTIC: [8] Undefined index: admin_name C:\xampp\htdocs\hospital\Application\Runtime\Cache\f256278d99ee8e5e7db1858ab055316572340347.file.hos_manage.html.php 第 75 行.
NOTIC: [8] Undefined index: error C:\xampp\htdocs\hospital\Application\Runtime\Cache\f256278d99ee8e5e7db1858ab055316572340347.file.hos_manage.html.php 第 129 行.
NOTIC: [8] Trying to get property of non-object C:\xampp\htdocs\hospital\Application\Runtime\Cache\f256278d99ee8e5e7db1858ab055316572340347.file.hos_manage.html.php 第 129 行.
NOTIC: [8] Undefined index: info C:\xampp\htdocs\hospital\Application\Runtime\Cache\f256278d99ee8e5e7db1858ab055316572340347.file.hos_manage.html.php 第 152 行.
NOTIC: [8] Trying to get property of non-object C:\xampp\htdocs\hospital\Application\Runtime\Cache\f256278d99ee8e5e7db1858ab055316572340347.file.hos_manage.html.php 第 152 行.
INFO: Run Behavior\ParseTemplateBehavior [ RunTime:0.001000s ]
INFO: [ view_parse ] --END-- [ RunTime:-0.006001s ]
INFO: [ view_filter ] --START--
INFO: Run Behavior\WriteHtmlCacheBehavior [ RunTime:0.001000s ]
INFO: [ view_filter ] --END-- [ RunTime:-0.003001s ]
NOTIC: [2] Cannot modify header information - headers already sent by (output started at C:\xampp\htdocs\hospital\ThinkPHP\Library\Think\View.class.php:95) C:\xampp\htdocs\hospital\ThinkPHP\Library\Think\View.class.php 第 91 行.
NOTIC: [2] Cannot modify header information - headers already sent by (output started at C:\xampp\htdocs\hospital\ThinkPHP\Library\Think\View.class.php:95) C:\xampp\htdocs\hospital\ThinkPHP\Library\Think\View.class.php 第 92 行.
NOTIC: [2] Cannot modify header information - headers already sent by (output started at C:\xampp\htdocs\hospital\ThinkPHP\Library\Think\View.class.php:95) C:\xampp\htdocs\hospital\ThinkPHP\Library\Think\View.class.php 第 93 行.
INFO: [ app_end ] --START--
INFO: Run Behavior\ShowPageTraceBehavior [ RunTime:0.002000s ]
INFO: [ app_end ] --END-- [ RunTime:0.002000s ]

[ 2017-12-14T11:14:52+08:00 ] ::1 /hospital/index.php/Admin/SystemManager/hos_manage
INFO: [ app_init ] --START--
INFO: Run Behavior\BuildLiteBehavior [ RunTime:0.001000s ]
INFO: [ app_init ] --END-- [ RunTime:0.004000s ]
INFO: [ app_begin ] --START--
INFO: Run Behavior\ReadHtmlCacheBehavior [ RunTime:0.003000s ]
INFO: [ app_begin ] --END-- [ RunTime:0.003000s ]
SQL: SHOW COLUMNS FROM `hospital` [ RunTime:0.0090s ]
SQL: SELECT * FROM `hospital` WHERE ( hos_code=1 )  [ RunTime:0.0050s ]
INFO: [ view_parse ] --START--
NOTIC: [8] Undefined index: admin_name C:\xampp\htdocs\hospital\Application\Runtime\Cache\f256278d99ee8e5e7db1858ab055316572340347.file.hos_manage.html.php 第 75 行.
NOTIC: [8] Undefined index: error C:\xampp\htdocs\hospital\Application\Runtime\Cache\f256278d99ee8e5e7db1858ab055316572340347.file.hos_manage.html.php 第 129 行.
NOTIC: [8] Trying to get property of non-object C:\xampp\htdocs\hospital\Application\Runtime\Cache\f256278d99ee8e5e7db1858ab055316572340347.file.hos_manage.html.php 第 129 行.
NOTIC: [8] Undefined index: admin_id C:\xampp\htdocs\hospital\Application\Runtime\Cache\f256278d99ee8e5e7db1858ab055316572340347.file.hos_manage.html.php 第 176 行.
NOTIC: [8] Undefined index: admin_name C:\xampp\htdocs\hospital\Application\Runtime\Cache\f256278d99ee8e5e7db1858ab055316572340347.file.hos_manage.html.php 第 177 行.
INFO: Run Behavior\ParseTemplateBehavior [ RunTime:0.040002s ]
INFO: [ view_parse ] --END-- [ RunTime:0.041003s ]
INFO: [ view_filter ] --START--
INFO: Run Behavior\WriteHtmlCacheBehavior [ RunTime:0.002000s ]
INFO: [ view_filter ] --END-- [ RunTime:0.002000s ]
INFO: [ app_end ] --START--
INFO: Run Behavior\ShowPageTraceBehavior [ RunTime:0.006000s ]
INFO: [ app_end ] --END-- [ RunTime:0.006000s ]

[ 2017-12-14T11:18:57+08:00 ] ::1 /hospital/index.php/Admin/SystemManager/hos_manage
INFO: [ app_init ] --START--
INFO: Run Behavior\BuildLiteBehavior [ RunTime:0.000000s ]
INFO: [ app_init ] --END-- [ RunTime:0.002000s ]
INFO: [ app_begin ] --START--
INFO: Run Behavior\ReadHtmlCacheBehavior [ RunTime:0.003000s ]
INFO: [ app_begin ] --END-- [ RunTime:0.003000s ]
SQL: SHOW COLUMNS FROM `hospital` [ RunTime:0.0090s ]
SQL: SELECT * FROM `hospital` WHERE ( hos_code=2 )  [ RunTime:0.0010s ]
SQL: SELECT COUNT(*) AS tp_count FROM `hospital` WHERE ( hos_code=2 ) LIMIT 1   [ RunTime:0.0050s ]
INFO: [ view_parse ] --START--
NOTIC: [8] Undefined index: admin_name C:\xampp\htdocs\hospital\Application\Runtime\Cache\f256278d99ee8e5e7db1858ab055316572340347.file.hos_manage.html.php 第 75 行.
NOTIC: [8] Undefined index: error C:\xampp\htdocs\hospital\Application\Runtime\Cache\f256278d99ee8e5e7db1858ab055316572340347.file.hos_manage.html.php 第 129 行.
NOTIC: [8] Trying to get property of non-object C:\xampp\htdocs\hospital\Application\Runtime\Cache\f256278d99ee8e5e7db1858ab055316572340347.file.hos_manage.html.php 第 129 行.
NOTIC: [8] Undefined index: admin_id C:\xampp\htdocs\hospital\Application\Runtime\Cache\f256278d99ee8e5e7db1858ab055316572340347.file.hos_manage.html.php 第 176 行.
NOTIC: [8] Undefined index: admin_name C:\xampp\htdocs\hospital\Application\Runtime\Cache\f256278d99ee8e5e7db1858ab055316572340347.file.hos_manage.html.php 第 177 行.
INFO: Run Behavior\ParseTemplateBehavior [ RunTime:0.032002s ]
INFO: [ view_parse ] --END-- [ RunTime:0.032002s ]
INFO: [ view_filter ] --START--
INFO: Run Behavior\WriteHtmlCacheBehavior [ RunTime:0.002000s ]
INFO: [ view_filter ] --END-- [ RunTime:0.002000s ]
INFO: [ app_end ] --START--
INFO: Run Behavior\ShowPageTraceBehavior [ RunTime:0.002000s ]
INFO: [ app_end ] --END-- [ RunTime:0.002000s ]

[ 2017-12-14T11:20:21+08:00 ] ::1 /hospital/index.php/Admin/SystemManager/hos_manage
INFO: [ app_init ] --START--
INFO: Run Behavior\BuildLiteBehavior [ RunTime:0.000000s ]
INFO: [ app_init ] --END-- [ RunTime:0.001000s ]
INFO: [ app_begin ] --START--
INFO: Run Behavior\ReadHtmlCacheBehavior [ RunTime:0.005000s ]
INFO: [ app_begin ] --END-- [ RunTime:0.005000s ]
SQL: SHOW COLUMNS FROM `hospital` [ RunTime:0.0090s ]
INFO: [ view_parse ] --START--
NOTIC: [8] Undefined index: admin_name C:\xampp\htdocs\hospital\Application\Runtime\Cache\f256278d99ee8e5e7db1858ab055316572340347.file.hos_manage.html.php 第 76 行.
NOTIC: [8] Undefined index: error C:\xampp\htdocs\hospital\Application\Runtime\Cache\f256278d99ee8e5e7db1858ab055316572340347.file.hos_manage.html.php 第 130 行.
NOTIC: [8] Trying to get property of non-object C:\xampp\htdocs\hospital\Application\Runtime\Cache\f256278d99ee8e5e7db1858ab055316572340347.file.hos_manage.html.php 第 130 行.
NOTIC: [8] Undefined index: info C:\xampp\htdocs\hospital\Application\Runtime\Cache\f256278d99ee8e5e7db1858ab055316572340347.file.hos_manage.html.php 第 153 行.
NOTIC: [8] Trying to get property of non-object C:\xampp\htdocs\hospital\Application\Runtime\Cache\f256278d99ee8e5e7db1858ab055316572340347.file.hos_manage.html.php 第 153 行.
NOTIC: [8] Undefined index: count C:\xampp\htdocs\hospital\Application\Runtime\Cache\f256278d99ee8e5e7db1858ab055316572340347.file.hos_manage.html.php 第 188 行.
NOTIC: [8] Trying to get property of non-object C:\xampp\htdocs\hospital\Application\Runtime\Cache\f256278d99ee8e5e7db1858ab055316572340347.file.hos_manage.html.php 第 188 行.
INFO: Run Behavior\ParseTemplateBehavior [ RunTime:0.207011s ]
INFO: [ view_parse ] --END-- [ RunTime:0.207011s ]
INFO: [ view_filter ] --START--
INFO: Run Behavior\WriteHtmlCacheBehavior [ RunTime:0.002000s ]
INFO: [ view_filter ] --END-- [ RunTime:0.003001s ]
INFO: [ app_end ] --START--
INFO: Run Behavior\ShowPageTraceBehavior [ RunTime:0.002000s ]
INFO: [ app_end ] --END-- [ RunTime:0.002000s ]

