[ 2017-12-23T09:35:14+08:00 ] ::1 /hospital/index.php/Admin/Login/login
INFO: [ app_init ] --START--
INFO: Run Behavior\BuildLiteBehavior [ RunTime:0.000000s ]
INFO: [ app_init ] --END-- [ RunTime:0.015001s ]
INFO: [ app_begin ] --START--
INFO: Run Behavior\ReadHtmlCacheBehavior [ RunTime:0.012001s ]
INFO: [ app_begin ] --END-- [ RunTime:0.012001s ]
SQL: SHOW COLUMNS FROM `login` [ RunTime:0.1530s ]
INFO: [ view_parse ] --START--
NOTIC: [8] Undefined index: error1 C:\xampp\htdocs\hospital\Application\Runtime\Cache\c73415eed9521566291a09c320e3b93d188083cb.file.login.html.php 第 56 行.
NOTIC: [8] Trying to get property of non-object C:\xampp\htdocs\hospital\Application\Runtime\Cache\c73415eed9521566291a09c320e3b93d188083cb.file.login.html.php 第 56 行.
NOTIC: [2] Illegal string offset 'name' C:\xampp\htdocs\hospital\Application\Runtime\Cache\c73415eed9521566291a09c320e3b93d188083cb.file.login.html.php 第 59 行.
NOTIC: [8] Uninitialized string offset: 0 C:\xampp\htdocs\hospital\Application\Runtime\Cache\c73415eed9521566291a09c320e3b93d188083cb.file.login.html.php 第 59 行.
NOTIC: [2] Illegal string offset 'pwd' C:\xampp\htdocs\hospital\Application\Runtime\Cache\c73415eed9521566291a09c320e3b93d188083cb.file.login.html.php 第 66 行.
NOTIC: [8] Uninitialized string offset: 0 C:\xampp\htdocs\hospital\Application\Runtime\Cache\c73415eed9521566291a09c320e3b93d188083cb.file.login.html.php 第 66 行.
NOTIC: [8] Undefined index: error C:\xampp\htdocs\hospital\Application\Runtime\Cache\c73415eed9521566291a09c320e3b93d188083cb.file.login.html.php 第 76 行.
NOTIC: [8] Trying to get property of non-object C:\xampp\htdocs\hospital\Application\Runtime\Cache\c73415eed9521566291a09c320e3b93d188083cb.file.login.html.php 第 76 行.
INFO: Run Behavior\ParseTemplateBehavior [ RunTime:0.118006s ]
INFO: [ view_parse ] --END-- [ RunTime:0.118006s ]
INFO: [ view_filter ] --START--
INFO: Run Behavior\WriteHtmlCacheBehavior [ RunTime:0.005001s ]
INFO: [ view_filter ] --END-- [ RunTime:0.005001s ]
INFO: [ app_end ] --START--
INFO: Run Behavior\ShowPageTraceBehavior [ RunTime:0.009000s ]
INFO: [ app_end ] --END-- [ RunTime:0.009000s ]

[ 2017-12-23T09:35:15+08:00 ] ::1 /hospital/index.php/Admin/Login/verifyImg
INFO: [ app_init ] --START--
INFO: Run Behavior\BuildLiteBehavior [ RunTime:0.000000s ]
INFO: [ app_init ] --END-- [ RunTime:0.002000s ]
INFO: [ app_begin ] --START--
INFO: Run Behavior\ReadHtmlCacheBehavior [ RunTime:0.003000s ]
INFO: [ app_begin ] --END-- [ RunTime:0.003000s ]
INFO: [ app_end ] --START--
INFO: Run Behavior\ShowPageTraceBehavior [ RunTime:0.003000s ]
INFO: [ app_end ] --END-- [ RunTime:0.003000s ]

[ 2017-12-23T09:35:34+08:00 ] ::1 /hospital/index.php/Admin/Login/login
INFO: [ app_init ] --START--
INFO: Run Behavior\BuildLiteBehavior [ RunTime:0.000000s ]
INFO: [ app_init ] --END-- [ RunTime:0.002000s ]
INFO: [ app_begin ] --START--
INFO: Run Behavior\ReadHtmlCacheBehavior [ RunTime:0.004000s ]
INFO: [ app_begin ] --END-- [ RunTime:0.004000s ]
SQL: SHOW COLUMNS FROM `login` [ RunTime:0.0080s ]
NOTIC: [8] Undefined index: validate C:\xampp\htdocs\hospital\ThinkPHP\Library\Think\Model.class.php 第 1185 行.
NOTIC: [8] Undefined index: auto C:\xampp\htdocs\hospital\ThinkPHP\Library\Think\Model.class.php 第 1128 行.
SQL: SELECT * FROM `login` WHERE ( name='Cojjj' ) LIMIT 1   [ RunTime:0.0070s ]
SQL: SHOW COLUMNS FROM `admin` [ RunTime:0.0110s ]
SQL: SELECT * FROM `admin` INNER JOIN hospital ON hospital.hos_code = admin.hos_code  WHERE ( admin_name = 'Cojjj' )  [ RunTime:0.0150s ]

[ 2017-12-23T09:35:34+08:00 ] ::1 /hospital/index.php/Admin/HospitalManager/hos_info_manage.html
INFO: [ app_init ] --START--
INFO: Run Behavior\BuildLiteBehavior [ RunTime:0.000000s ]
INFO: [ app_init ] --END-- [ RunTime:0.001000s ]
INFO: [ app_begin ] --START--
INFO: Run Behavior\ReadHtmlCacheBehavior [ RunTime:0.001000s ]
INFO: [ app_begin ] --END-- [ RunTime:0.002000s ]
SQL: SHOW COLUMNS FROM `hospital` [ RunTime:0.0090s ]
SQL: SELECT * FROM `hospital` WHERE ( hos_name = '山东省皮肤病医院' ) LIMIT 1   [ RunTime:0.0010s ]
INFO: [ view_parse ] --START--
INFO: Run Behavior\ParseTemplateBehavior [ RunTime:0.234014s ]
INFO: [ view_parse ] --END-- [ RunTime:0.234014s ]
INFO: [ view_filter ] --START--
INFO: Run Behavior\WriteHtmlCacheBehavior [ RunTime:0.003000s ]
INFO: [ view_filter ] --END-- [ RunTime:0.003000s ]
INFO: [ app_end ] --START--
INFO: Run Behavior\ShowPageTraceBehavior [ RunTime:0.003000s ]
INFO: [ app_end ] --END-- [ RunTime:0.003000s ]

[ 2017-12-23T09:35:44+08:00 ] ::1 /hospital/index.php/Admin/HospitalManager/hos_info_manage.html
INFO: [ app_init ] --START--
INFO: Run Behavior\BuildLiteBehavior [ RunTime:0.000000s ]
INFO: [ app_init ] --END-- [ RunTime:0.002000s ]
INFO: [ app_begin ] --START--
INFO: Run Behavior\ReadHtmlCacheBehavior [ RunTime:0.002000s ]
INFO: [ app_begin ] --END-- [ RunTime:0.002000s ]
SQL: SHOW COLUMNS FROM `hospital` [ RunTime:0.0080s ]
SQL: SELECT * FROM `hospital` WHERE ( hos_name = '山东省皮肤病医院' ) LIMIT 1   [ RunTime:0.0020s ]
INFO: [ view_parse ] --START--
INFO: Run Behavior\ParseTemplateBehavior [ RunTime:0.028001s ]
INFO: [ view_parse ] --END-- [ RunTime:0.028001s ]
INFO: [ view_filter ] --START--
INFO: Run Behavior\WriteHtmlCacheBehavior [ RunTime:0.001000s ]
INFO: [ view_filter ] --END-- [ RunTime:0.001000s ]
INFO: [ app_end ] --START--
INFO: Run Behavior\ShowPageTraceBehavior [ RunTime:0.001001s ]
INFO: [ app_end ] --END-- [ RunTime:0.002001s ]

[ 2017-12-23T09:35:45+08:00 ] ::1 /hospital/index.php/Admin/HospitalManager/keshi_manage.html
INFO: [ app_init ] --START--
INFO: Run Behavior\BuildLiteBehavior [ RunTime:0.000000s ]
INFO: [ app_init ] --END-- [ RunTime:0.001000s ]
INFO: [ app_begin ] --START--
INFO: Run Behavior\ReadHtmlCacheBehavior [ RunTime:0.002000s ]
INFO: [ app_begin ] --END-- [ RunTime:0.002000s ]
SQL: SHOW COLUMNS FROM `keshi` [ RunTime:0.0120s ]
SQL: SELECT * FROM `keshi` INNER JOIN hospital ON hospital.hos_code = keshi.hos_code  WHERE ( hos_name = '山东省皮肤病医院' )  [ RunTime:0.0080s ]
INFO: [ view_parse ] --START--
INFO: Run Behavior\ParseTemplateBehavior [ RunTime:0.208011s ]
INFO: [ view_parse ] --END-- [ RunTime:0.208011s ]
INFO: [ view_filter ] --START--
INFO: Run Behavior\WriteHtmlCacheBehavior [ RunTime:0.003001s ]
INFO: [ view_filter ] --END-- [ RunTime:0.003001s ]
INFO: [ app_end ] --START--
INFO: Run Behavior\ShowPageTraceBehavior [ RunTime:0.003000s ]
INFO: [ app_end ] --END-- [ RunTime:0.003000s ]

[ 2017-12-23T09:48:08+08:00 ] ::1 /hospital/index.php/Admin/HospitalManager/keshi_manage.html
INFO: [ app_init ] --START--
INFO: Run Behavior\BuildLiteBehavior [ RunTime:0.000000s ]
INFO: [ app_init ] --END-- [ RunTime:0.002000s ]
INFO: [ app_begin ] --START--
INFO: Run Behavior\ReadHtmlCacheBehavior [ RunTime:0.002001s ]
INFO: [ app_begin ] --END-- [ RunTime:0.003001s ]
SQL: SHOW COLUMNS FROM `keshi` [ RunTime:0.0080s ]
SQL: SELECT * FROM `keshi` INNER JOIN hospital ON hospital.hos_code = keshi.hos_code  WHERE ( hos_name = '山东省皮肤病医院' )  [ RunTime:0.0080s ]
INFO: [ view_parse ] --START--
INFO: Run Behavior\ParseTemplateBehavior [ RunTime:0.199011s ]
INFO: [ view_parse ] --END-- [ RunTime:0.199011s ]
INFO: [ view_filter ] --START--
INFO: Run Behavior\WriteHtmlCacheBehavior [ RunTime:0.002000s ]
INFO: [ view_filter ] --END-- [ RunTime:0.002000s ]
INFO: [ app_end ] --START--
INFO: Run Behavior\ShowPageTraceBehavior [ RunTime:0.002000s ]
INFO: [ app_end ] --END-- [ RunTime:0.003000s ]

[ 2017-12-23T09:48:32+08:00 ] ::1 /hospital/index.php/Admin/HospitalManager/keshi_manage.html
INFO: [ app_init ] --START--
INFO: Run Behavior\BuildLiteBehavior [ RunTime:0.000000s ]
INFO: [ app_init ] --END-- [ RunTime:0.002000s ]
INFO: [ app_begin ] --START--
INFO: Run Behavior\ReadHtmlCacheBehavior [ RunTime:0.003000s ]
INFO: [ app_begin ] --END-- [ RunTime:0.003000s ]
SQL: SHOW COLUMNS FROM `keshi` [ RunTime:0.0100s ]
SQL: SELECT * FROM `keshi` INNER JOIN hospital ON hospital.hos_code = keshi.hos_code  WHERE ( hos_name = '山东省皮肤病医院' )  [ RunTime:0.0140s ]
INFO: [ view_parse ] --START--
INFO: Run Behavior\ParseTemplateBehavior [ RunTime:0.321018s ]
INFO: [ view_parse ] --END-- [ RunTime:0.321018s ]
INFO: [ view_filter ] --START--
INFO: Run Behavior\WriteHtmlCacheBehavior [ RunTime:0.003000s ]
INFO: [ view_filter ] --END-- [ RunTime:0.003000s ]
INFO: [ app_end ] --START--
INFO: Run Behavior\ShowPageTraceBehavior [ RunTime:0.002000s ]
INFO: [ app_end ] --END-- [ RunTime:0.003000s ]

[ 2017-12-23T09:49:23+08:00 ] ::1 /hospital/index.php/Admin/HospitalManager/keshi_manage.html
INFO: [ app_init ] --START--
INFO: Run Behavior\BuildLiteBehavior [ RunTime:0.000000s ]
INFO: [ app_init ] --END-- [ RunTime:0.002000s ]
INFO: [ app_begin ] --START--
INFO: Run Behavior\ReadHtmlCacheBehavior [ RunTime:0.003001s ]
INFO: [ app_begin ] --END-- [ RunTime:0.003001s ]
SQL: SHOW COLUMNS FROM `keshi` [ RunTime:0.0070s ]
SQL: SELECT * FROM `keshi` INNER JOIN hospital ON hospital.hos_code = keshi.hos_code  WHERE ( hos_name = '山东省皮肤病医院' )  [ RunTime:0.0080s ]
INFO: [ view_parse ] --START--
INFO: Run Behavior\ParseTemplateBehavior [ RunTime:0.287017s ]
INFO: [ view_parse ] --END-- [ RunTime:0.287017s ]
INFO: [ view_filter ] --START--
INFO: Run Behavior\WriteHtmlCacheBehavior [ RunTime:0.012000s ]
INFO: [ view_filter ] --END-- [ RunTime:0.013000s ]
INFO: [ app_end ] --START--
INFO: Run Behavior\ShowPageTraceBehavior [ RunTime:0.010000s ]
INFO: [ app_end ] --END-- [ RunTime:0.010000s ]

[ 2017-12-23T09:49:45+08:00 ] ::1 /hospital/index.php/Admin/HospitalManager/keshi_manage.html
INFO: [ app_init ] --START--
INFO: Run Behavior\BuildLiteBehavior [ RunTime:0.000000s ]
INFO: [ app_init ] --END-- [ RunTime:0.004000s ]
INFO: [ app_begin ] --START--
INFO: Run Behavior\ReadHtmlCacheBehavior [ RunTime:0.002000s ]
INFO: [ app_begin ] --END-- [ RunTime:0.002000s ]
SQL: SHOW COLUMNS FROM `keshi` [ RunTime:0.0080s ]
SQL: SELECT * FROM `keshi` INNER JOIN hospital ON hospital.hos_code = keshi.hos_code  WHERE ( hos_name = '山东省皮肤病医院' )  [ RunTime:0.0080s ]
INFO: [ view_parse ] --START--
INFO: Run Behavior\ParseTemplateBehavior [ RunTime:0.212012s ]
INFO: [ view_parse ] --END-- [ RunTime:0.212012s ]
INFO: [ view_filter ] --START--
INFO: Run Behavior\WriteHtmlCacheBehavior [ RunTime:0.002000s ]
INFO: [ view_filter ] --END-- [ RunTime:0.003000s ]
INFO: [ app_end ] --START--
INFO: Run Behavior\ShowPageTraceBehavior [ RunTime:0.007000s ]
INFO: [ app_end ] --END-- [ RunTime:0.007000s ]

[ 2017-12-23T09:49:47+08:00 ] ::1 /hospital/index.php/Admin/HospitalManager/keshi_manage.html
INFO: [ app_init ] --START--
INFO: Run Behavior\BuildLiteBehavior [ RunTime:0.000000s ]
INFO: [ app_init ] --END-- [ RunTime:0.001000s ]
INFO: [ app_begin ] --START--
INFO: Run Behavior\ReadHtmlCacheBehavior [ RunTime:0.002000s ]
INFO: [ app_begin ] --END-- [ RunTime:0.002000s ]
SQL: SHOW COLUMNS FROM `keshi` [ RunTime:0.0080s ]
SQL: SELECT * FROM `keshi` INNER JOIN hospital ON hospital.hos_code = keshi.hos_code  WHERE ( hos_name = '山东省皮肤病医院' )  [ RunTime:0.0080s ]
INFO: [ view_parse ] --START--
INFO: Run Behavior\ParseTemplateBehavior [ RunTime:0.037002s ]
INFO: [ view_parse ] --END-- [ RunTime:0.037002s ]
INFO: [ view_filter ] --START--
INFO: Run Behavior\WriteHtmlCacheBehavior [ RunTime:0.001000s ]
INFO: [ view_filter ] --END-- [ RunTime:0.001000s ]
INFO: [ app_end ] --START--
INFO: Run Behavior\ShowPageTraceBehavior [ RunTime:0.003000s ]
INFO: [ app_end ] --END-- [ RunTime:0.003000s ]

[ 2017-12-23T09:49:48+08:00 ] ::1 /hospital/index.php/Admin/HospitalManager/keshi_manage.html
INFO: [ app_init ] --START--
INFO: Run Behavior\BuildLiteBehavior [ RunTime:0.000000s ]
INFO: [ app_init ] --END-- [ RunTime:0.001000s ]
INFO: [ app_begin ] --START--
INFO: Run Behavior\ReadHtmlCacheBehavior [ RunTime:0.004000s ]
INFO: [ app_begin ] --END-- [ RunTime:0.004000s ]
SQL: SHOW COLUMNS FROM `keshi` [ RunTime:0.0080s ]
SQL: SELECT * FROM `keshi` INNER JOIN hospital ON hospital.hos_code = keshi.hos_code  WHERE ( hos_name = '山东省皮肤病医院' )  [ RunTime:0.0080s ]
INFO: [ view_parse ] --START--
INFO: Run Behavior\ParseTemplateBehavior [ RunTime:0.023001s ]
INFO: [ view_parse ] --END-- [ RunTime:0.023001s ]
INFO: [ view_filter ] --START--
INFO: Run Behavior\WriteHtmlCacheBehavior [ RunTime:0.001000s ]
INFO: [ view_filter ] --END-- [ RunTime:0.002000s ]
INFO: [ app_end ] --START--
INFO: Run Behavior\ShowPageTraceBehavior [ RunTime:0.003000s ]
INFO: [ app_end ] --END-- [ RunTime:0.003000s ]

[ 2017-12-23T09:49:49+08:00 ] ::1 /hospital/index.php/Admin/HospitalManager/keshi_manage.html
INFO: [ app_init ] --START--
INFO: Run Behavior\BuildLiteBehavior [ RunTime:0.000000s ]
INFO: [ app_init ] --END-- [ RunTime:0.003000s ]
INFO: [ app_begin ] --START--
INFO: Run Behavior\ReadHtmlCacheBehavior [ RunTime:0.002001s ]
INFO: [ app_begin ] --END-- [ RunTime:0.002001s ]
SQL: SHOW COLUMNS FROM `keshi` [ RunTime:0.0100s ]
SQL: SELECT * FROM `keshi` INNER JOIN hospital ON hospital.hos_code = keshi.hos_code  WHERE ( hos_name = '山东省皮肤病医院' )  [ RunTime:0.0100s ]
INFO: [ view_parse ] --START--
INFO: Run Behavior\ParseTemplateBehavior [ RunTime:0.036002s ]
INFO: [ view_parse ] --END-- [ RunTime:0.036002s ]
INFO: [ view_filter ] --START--
INFO: Run Behavior\WriteHtmlCacheBehavior [ RunTime:0.002000s ]
INFO: [ view_filter ] --END-- [ RunTime:0.002000s ]
INFO: [ app_end ] --START--
INFO: Run Behavior\ShowPageTraceBehavior [ RunTime:0.002000s ]
INFO: [ app_end ] --END-- [ RunTime:0.002000s ]

[ 2017-12-23T09:49:49+08:00 ] ::1 /hospital/index.php/Admin/HospitalManager/keshi_manage.html
INFO: [ app_init ] --START--
INFO: Run Behavior\BuildLiteBehavior [ RunTime:0.000000s ]
INFO: [ app_init ] --END-- [ RunTime:0.000000s ]
INFO: [ app_begin ] --START--
INFO: Run Behavior\ReadHtmlCacheBehavior [ RunTime:0.002000s ]
INFO: [ app_begin ] --END-- [ RunTime:0.002000s ]
SQL: SHOW COLUMNS FROM `keshi` [ RunTime:0.0130s ]
SQL: SELECT * FROM `keshi` INNER JOIN hospital ON hospital.hos_code = keshi.hos_code  WHERE ( hos_name = '山东省皮肤病医院' )  [ RunTime:0.0090s ]
INFO: [ view_parse ] --START--
INFO: Run Behavior\ParseTemplateBehavior [ RunTime:0.026002s ]
INFO: [ view_parse ] --END-- [ RunTime:0.026002s ]
INFO: [ view_filter ] --START--
INFO: Run Behavior\WriteHtmlCacheBehavior [ RunTime:0.001000s ]
INFO: [ view_filter ] --END-- [ RunTime:0.001000s ]
INFO: [ app_end ] --START--
INFO: Run Behavior\ShowPageTraceBehavior [ RunTime:0.003000s ]
INFO: [ app_end ] --END-- [ RunTime:0.003000s ]

[ 2017-12-23T09:49:50+08:00 ] ::1 /hospital/index.php/Admin/HospitalManager/keshi_manage.html
INFO: [ app_init ] --START--
INFO: Run Behavior\BuildLiteBehavior [ RunTime:0.000000s ]
INFO: [ app_init ] --END-- [ RunTime:0.001000s ]
INFO: [ app_begin ] --START--
INFO: Run Behavior\ReadHtmlCacheBehavior [ RunTime:0.001000s ]
INFO: [ app_begin ] --END-- [ RunTime:0.001000s ]
SQL: SHOW COLUMNS FROM `keshi` [ RunTime:0.0080s ]
SQL: SELECT * FROM `keshi` INNER JOIN hospital ON hospital.hos_code = keshi.hos_code  WHERE ( hos_name = '山东省皮肤病医院' )  [ RunTime:0.0070s ]
INFO: [ view_parse ] --START--
INFO: Run Behavior\ParseTemplateBehavior [ RunTime:0.024001s ]
INFO: [ view_parse ] --END-- [ RunTime:0.024001s ]
INFO: [ view_filter ] --START--
INFO: Run Behavior\WriteHtmlCacheBehavior [ RunTime:0.001000s ]
INFO: [ view_filter ] --END-- [ RunTime:0.002000s ]
INFO: [ app_end ] --START--
INFO: Run Behavior\ShowPageTraceBehavior [ RunTime:0.002000s ]
INFO: [ app_end ] --END-- [ RunTime:0.002000s ]

[ 2017-12-23T09:50:38+08:00 ] ::1 /hospital/index.php/Admin/HospitalManager/keshi_manage.html
INFO: [ app_init ] --START--
INFO: Run Behavior\BuildLiteBehavior [ RunTime:0.000000s ]
INFO: [ app_init ] --END-- [ RunTime:0.004000s ]
INFO: [ app_begin ] --START--
INFO: Run Behavior\ReadHtmlCacheBehavior [ RunTime:0.002000s ]
INFO: [ app_begin ] --END-- [ RunTime:0.002000s ]
SQL: SHOW COLUMNS FROM `keshi` [ RunTime:0.0100s ]
SQL: SELECT * FROM `keshi` INNER JOIN hospital ON hospital.hos_code = keshi.hos_code  WHERE ( hos_name = '山东省皮肤病医院' )  [ RunTime:0.0080s ]
INFO: [ view_parse ] --START--
INFO: Run Behavior\ParseTemplateBehavior [ RunTime:0.244014s ]
INFO: [ view_parse ] --END-- [ RunTime:0.245014s ]
INFO: [ view_filter ] --START--
INFO: Run Behavior\WriteHtmlCacheBehavior [ RunTime:0.002000s ]
INFO: [ view_filter ] --END-- [ RunTime:0.002000s ]
INFO: [ app_end ] --START--
INFO: Run Behavior\ShowPageTraceBehavior [ RunTime:0.006000s ]
INFO: [ app_end ] --END-- [ RunTime:0.006000s ]

[ 2017-12-23T09:51:13+08:00 ] ::1 /hospital/index.php/Admin/HospitalManager/keshi_manage.html
INFO: [ app_init ] --START--
INFO: Run Behavior\BuildLiteBehavior [ RunTime:0.000000s ]
INFO: [ app_init ] --END-- [ RunTime:0.002000s ]
INFO: [ app_begin ] --START--
INFO: Run Behavior\ReadHtmlCacheBehavior [ RunTime:0.002001s ]
INFO: [ app_begin ] --END-- [ RunTime:0.002001s ]
SQL: SHOW COLUMNS FROM `keshi` [ RunTime:0.0100s ]
SQL: SELECT * FROM `keshi` INNER JOIN hospital ON hospital.hos_code = keshi.hos_code  WHERE ( hos_name = '山东省皮肤病医院' )  [ RunTime:0.0010s ]
INFO: [ view_parse ] --START--
INFO: Run Behavior\ParseTemplateBehavior [ RunTime:0.211012s ]
INFO: [ view_parse ] --END-- [ RunTime:0.212012s ]
INFO: [ view_filter ] --START--
INFO: Run Behavior\WriteHtmlCacheBehavior [ RunTime:0.002000s ]
INFO: [ view_filter ] --END-- [ RunTime:0.002000s ]
INFO: [ app_end ] --START--
INFO: Run Behavior\ShowPageTraceBehavior [ RunTime:0.002001s ]
INFO: [ app_end ] --END-- [ RunTime:0.003001s ]

[ 2017-12-23T09:51:28+08:00 ] ::1 /hospital/index.php/Admin/HospitalManager/keshi_manage.html
INFO: [ app_init ] --START--
INFO: Run Behavior\BuildLiteBehavior [ RunTime:0.000000s ]
INFO: [ app_init ] --END-- [ RunTime:0.002000s ]
INFO: [ app_begin ] --START--
INFO: Run Behavior\ReadHtmlCacheBehavior [ RunTime:0.002000s ]
INFO: [ app_begin ] --END-- [ RunTime:0.002000s ]
SQL: SHOW COLUMNS FROM `keshi` [ RunTime:0.0080s ]
SQL: SELECT * FROM `keshi` INNER JOIN hospital ON hospital.hos_code = keshi.hos_code  WHERE ( hos_name = '山东省皮肤病医院' )  [ RunTime:0.0010s ]
INFO: [ view_parse ] --START--
INFO: Run Behavior\ParseTemplateBehavior [ RunTime:0.221013s ]
INFO: [ view_parse ] --END-- [ RunTime:0.221013s ]
INFO: [ view_filter ] --START--
INFO: Run Behavior\WriteHtmlCacheBehavior [ RunTime:0.003000s ]
INFO: [ view_filter ] --END-- [ RunTime:0.003000s ]
INFO: [ app_end ] --START--
INFO: Run Behavior\ShowPageTraceBehavior [ RunTime:0.003000s ]
INFO: [ app_end ] --END-- [ RunTime:0.005001s ]

[ 2017-12-23T09:51:30+08:00 ] ::1 /hospital/index.php/Admin/HospitalManager/keshi_info
INFO: [ app_init ] --START--
INFO: Run Behavior\BuildLiteBehavior [ RunTime:0.000000s ]
INFO: [ app_init ] --END-- [ RunTime:0.002000s ]
INFO: [ app_begin ] --START--
INFO: Run Behavior\ReadHtmlCacheBehavior [ RunTime:0.004000s ]
INFO: [ app_begin ] --END-- [ RunTime:0.004000s ]
INFO: [ app_end ] --START--
INFO: Run Behavior\ShowPageTraceBehavior [ RunTime:0.006001s ]
INFO: [ app_end ] --END-- [ RunTime:0.006001s ]

[ 2017-12-23T09:52:20+08:00 ] ::1 /hospital/index.php/Admin/HospitalManager/keshi_manage.html
INFO: [ app_init ] --START--
INFO: Run Behavior\BuildLiteBehavior [ RunTime:0.000000s ]
INFO: [ app_init ] --END-- [ RunTime:0.001000s ]
INFO: [ app_begin ] --START--
INFO: Run Behavior\ReadHtmlCacheBehavior [ RunTime:0.002000s ]
INFO: [ app_begin ] --END-- [ RunTime:0.002000s ]
SQL: SHOW COLUMNS FROM `keshi` [ RunTime:0.0110s ]
SQL: SELECT * FROM `keshi` INNER JOIN hospital ON hospital.hos_code = keshi.hos_code  WHERE ( hos_name = '山东省皮肤病医院' )  [ RunTime:0.0030s ]
INFO: [ view_parse ] --START--
INFO: Run Behavior\ParseTemplateBehavior [ RunTime:0.293017s ]
INFO: [ view_parse ] --END-- [ RunTime:0.294017s ]
INFO: [ view_filter ] --START--
INFO: Run Behavior\WriteHtmlCacheBehavior [ RunTime:0.002000s ]
INFO: [ view_filter ] --END-- [ RunTime:0.002000s ]
INFO: [ app_end ] --START--
INFO: Run Behavior\ShowPageTraceBehavior [ RunTime:0.002000s ]
INFO: [ app_end ] --END-- [ RunTime:0.002000s ]

[ 2017-12-23T09:52:23+08:00 ] ::1 /hospital/index.php/Admin/HospitalManager/keshi_info
INFO: [ app_init ] --START--
INFO: Run Behavior\BuildLiteBehavior [ RunTime:0.000000s ]
INFO: [ app_init ] --END-- [ RunTime:0.002000s ]
INFO: [ app_begin ] --START--
INFO: Run Behavior\ReadHtmlCacheBehavior [ RunTime:0.003000s ]
INFO: [ app_begin ] --END-- [ RunTime:0.003000s ]
INFO: [ app_end ] --START--
INFO: Run Behavior\ShowPageTraceBehavior [ RunTime:0.002000s ]
INFO: [ app_end ] --END-- [ RunTime:0.002000s ]

[ 2017-12-23T09:52:41+08:00 ] ::1 /hospital/index.php/Admin/HospitalManager/keshi_manage.html
INFO: [ app_init ] --START--
INFO: Run Behavior\BuildLiteBehavior [ RunTime:0.000000s ]
INFO: [ app_init ] --END-- [ RunTime:0.003000s ]
INFO: [ app_begin ] --START--
INFO: Run Behavior\ReadHtmlCacheBehavior [ RunTime:0.002000s ]
INFO: [ app_begin ] --END-- [ RunTime:0.002000s ]
SQL: SHOW COLUMNS FROM `keshi` [ RunTime:0.0020s ]
SQL: SELECT * FROM `keshi` INNER JOIN hospital ON hospital.hos_code = keshi.hos_code  WHERE ( hos_name = '山东省皮肤病医院' )  [ RunTime:0.0010s ]
INFO: [ view_parse ] --START--
INFO: Run Behavior\ParseTemplateBehavior [ RunTime:0.233013s ]
INFO: [ view_parse ] --END-- [ RunTime:0.233013s ]
INFO: [ view_filter ] --START--
INFO: Run Behavior\WriteHtmlCacheBehavior [ RunTime:0.005000s ]
INFO: [ view_filter ] --END-- [ RunTime:0.005000s ]
INFO: [ app_end ] --START--
INFO: Run Behavior\ShowPageTraceBehavior [ RunTime:0.011001s ]
INFO: [ app_end ] --END-- [ RunTime:0.012001s ]

[ 2017-12-23T09:53:06+08:00 ] ::1 /hospital/index.php/Admin/HospitalManager/keshi_manage.html
INFO: [ app_init ] --START--
INFO: Run Behavior\BuildLiteBehavior [ RunTime:0.000000s ]
INFO: [ app_init ] --END-- [ RunTime:0.002001s ]
INFO: [ app_begin ] --START--
INFO: Run Behavior\ReadHtmlCacheBehavior [ RunTime:0.001000s ]
INFO: [ app_begin ] --END-- [ RunTime:0.001000s ]
SQL: SHOW COLUMNS FROM `keshi` [ RunTime:0.0020s ]
SQL: SELECT * FROM `keshi` INNER JOIN hospital ON hospital.hos_code = keshi.hos_code  WHERE ( hos_name = '山东省皮肤病医院' )  [ RunTime:0.0030s ]
INFO: [ view_parse ] --START--
INFO: Run Behavior\ParseTemplateBehavior [ RunTime:0.246014s ]
INFO: [ view_parse ] --END-- [ RunTime:0.246014s ]
INFO: [ view_filter ] --START--
INFO: Run Behavior\WriteHtmlCacheBehavior [ RunTime:0.002000s ]
INFO: [ view_filter ] --END-- [ RunTime:0.002000s ]
INFO: [ app_end ] --START--
INFO: Run Behavior\ShowPageTraceBehavior [ RunTime:0.002000s ]
INFO: [ app_end ] --END-- [ RunTime:0.002000s ]

[ 2017-12-23T09:53:52+08:00 ] ::1 /hospital/index.php/Admin/HospitalManager/keshi_manage.html
INFO: [ app_init ] --START--
INFO: Run Behavior\BuildLiteBehavior [ RunTime:0.000000s ]
INFO: [ app_init ] --END-- [ RunTime:0.001000s ]
INFO: [ app_begin ] --START--
INFO: Run Behavior\ReadHtmlCacheBehavior [ RunTime:0.002000s ]
INFO: [ app_begin ] --END-- [ RunTime:0.002000s ]
SQL: SHOW COLUMNS FROM `keshi` [ RunTime:0.0020s ]
SQL: SELECT * FROM `keshi` INNER JOIN hospital ON hospital.hos_code = keshi.hos_code  WHERE ( hos_name = '山东省皮肤病医院' )  [ RunTime:0.0090s ]
INFO: [ view_parse ] --START--
INFO: Run Behavior\ParseTemplateBehavior [ RunTime:0.273015s ]
INFO: [ view_parse ] --END-- [ RunTime:0.273015s ]
INFO: [ view_filter ] --START--
INFO: Run Behavior\WriteHtmlCacheBehavior [ RunTime:0.003001s ]
INFO: [ view_filter ] --END-- [ RunTime:0.003001s ]
INFO: [ app_end ] --START--
INFO: Run Behavior\ShowPageTraceBehavior [ RunTime:0.002000s ]
INFO: [ app_end ] --END-- [ RunTime:0.003000s ]

[ 2017-12-23T09:59:15+08:00 ] ::1 /hospital/index.php/Admin/HospitalManager/zhuanjia.html
INFO: [ app_init ] --START--
INFO: Run Behavior\BuildLiteBehavior [ RunTime:0.000000s ]
INFO: [ app_init ] --END-- [ RunTime:0.001000s ]
INFO: [ app_begin ] --START--
INFO: Run Behavior\ReadHtmlCacheBehavior [ RunTime:0.002000s ]
INFO: [ app_begin ] --END-- [ RunTime:0.003000s ]
ERR: 非法操作:zhuanjia

[ 2017-12-23T10:01:55+08:00 ] ::1 /hospital/index.php/Admin/HospitalManager/keshi_manage.html
INFO: [ app_init ] --START--
INFO: Run Behavior\BuildLiteBehavior [ RunTime:0.000000s ]
INFO: [ app_init ] --END-- [ RunTime:0.003000s ]
INFO: [ app_begin ] --START--
INFO: Run Behavior\ReadHtmlCacheBehavior [ RunTime:0.002000s ]
INFO: [ app_begin ] --END-- [ RunTime:0.002000s ]
SQL: SHOW COLUMNS FROM `keshi` [ RunTime:0.0020s ]
SQL: SELECT * FROM `keshi` INNER JOIN hospital ON hospital.hos_code = keshi.hos_code  WHERE ( hos_name = '山东省皮肤病医院' )  [ RunTime:0.0020s ]
INFO: [ view_parse ] --START--
INFO: Run Behavior\ParseTemplateBehavior [ RunTime:0.216012s ]
INFO: [ view_parse ] --END-- [ RunTime:0.216012s ]
INFO: [ view_filter ] --START--
INFO: Run Behavior\WriteHtmlCacheBehavior [ RunTime:0.002000s ]
INFO: [ view_filter ] --END-- [ RunTime:0.002000s ]
INFO: [ app_end ] --START--
INFO: Run Behavior\ShowPageTraceBehavior [ RunTime:0.007001s ]
INFO: [ app_end ] --END-- [ RunTime:0.007001s ]

[ 2017-12-23T10:01:57+08:00 ] ::1 /hospital/index.php/Admin/HospitalManager/keshi_manage.html
INFO: [ app_init ] --START--
INFO: Run Behavior\BuildLiteBehavior [ RunTime:0.000000s ]
INFO: [ app_init ] --END-- [ RunTime:0.001001s ]
INFO: [ app_begin ] --START--
INFO: Run Behavior\ReadHtmlCacheBehavior [ RunTime:0.002000s ]
INFO: [ app_begin ] --END-- [ RunTime:0.002000s ]
SQL: SHOW COLUMNS FROM `keshi` [ RunTime:0.0020s ]
SQL: SELECT * FROM `keshi` INNER JOIN hospital ON hospital.hos_code = keshi.hos_code  WHERE ( hos_name = '山东省皮肤病医院' )  [ RunTime:0.0010s ]
SQL: SHOW COLUMNS FROM `zhuanjia` [ RunTime:0.0100s ]
NOTIC: [8] Undefined index: kehsi C:\xampp\htdocs\hospital\Application\Admin\Controller\HospitalManagerController.class.php 第 38 行.
NOTIC: [8] Undefined variable: zhuanjia C:\xampp\htdocs\hospital\Application\Admin\Controller\HospitalManagerController.class.php 第 40 行.

[ 2017-12-23T10:03:17+08:00 ] ::1 /hospital/index.php/Admin/Login/login
INFO: [ app_init ] --START--
INFO: Run Behavior\BuildLiteBehavior [ RunTime:0.000000s ]
INFO: [ app_init ] --END-- [ RunTime:0.001000s ]
INFO: [ app_begin ] --START--
INFO: Run Behavior\ReadHtmlCacheBehavior [ RunTime:0.002000s ]
INFO: [ app_begin ] --END-- [ RunTime:0.002000s ]
SQL: SHOW COLUMNS FROM `login` [ RunTime:0.0080s ]
INFO: [ view_parse ] --START--
NOTIC: [8] Undefined index: error1 C:\xampp\htdocs\hospital\Application\Runtime\Cache\c73415eed9521566291a09c320e3b93d188083cb.file.login.html.php 第 56 行.
NOTIC: [8] Trying to get property of non-object C:\xampp\htdocs\hospital\Application\Runtime\Cache\c73415eed9521566291a09c320e3b93d188083cb.file.login.html.php 第 56 行.
NOTIC: [2] Illegal string offset 'name' C:\xampp\htdocs\hospital\Application\Runtime\Cache\c73415eed9521566291a09c320e3b93d188083cb.file.login.html.php 第 59 行.
NOTIC: [8] Uninitialized string offset: 0 C:\xampp\htdocs\hospital\Application\Runtime\Cache\c73415eed9521566291a09c320e3b93d188083cb.file.login.html.php 第 59 行.
NOTIC: [2] Illegal string offset 'pwd' C:\xampp\htdocs\hospital\Application\Runtime\Cache\c73415eed9521566291a09c320e3b93d188083cb.file.login.html.php 第 66 行.
NOTIC: [8] Uninitialized string offset: 0 C:\xampp\htdocs\hospital\Application\Runtime\Cache\c73415eed9521566291a09c320e3b93d188083cb.file.login.html.php 第 66 行.
NOTIC: [8] Undefined index: error C:\xampp\htdocs\hospital\Application\Runtime\Cache\c73415eed9521566291a09c320e3b93d188083cb.file.login.html.php 第 76 行.
NOTIC: [8] Trying to get property of non-object C:\xampp\htdocs\hospital\Application\Runtime\Cache\c73415eed9521566291a09c320e3b93d188083cb.file.login.html.php 第 76 行.
INFO: Run Behavior\ParseTemplateBehavior [ RunTime:0.029001s ]
INFO: [ view_parse ] --END-- [ RunTime:0.029001s ]
INFO: [ view_filter ] --START--
INFO: Run Behavior\WriteHtmlCacheBehavior [ RunTime:0.002000s ]
INFO: [ view_filter ] --END-- [ RunTime:0.002000s ]
INFO: [ app_end ] --START--
INFO: Run Behavior\ShowPageTraceBehavior [ RunTime:0.002001s ]
INFO: [ app_end ] --END-- [ RunTime:0.002001s ]

[ 2017-12-23T10:03:17+08:00 ] ::1 /hospital/index.php/Admin/Login/verifyImg
INFO: [ app_init ] --START--
INFO: Run Behavior\BuildLiteBehavior [ RunTime:0.000000s ]
INFO: [ app_init ] --END-- [ RunTime:0.001000s ]
INFO: [ app_begin ] --START--
INFO: Run Behavior\ReadHtmlCacheBehavior [ RunTime:0.002000s ]
INFO: [ app_begin ] --END-- [ RunTime:0.002000s ]
INFO: [ app_end ] --START--
INFO: Run Behavior\ShowPageTraceBehavior [ RunTime:0.002000s ]
INFO: [ app_end ] --END-- [ RunTime:0.002000s ]

[ 2017-12-23T10:03:30+08:00 ] ::1 /hospital/index.php/Admin/Login/login
INFO: [ app_init ] --START--
INFO: Run Behavior\BuildLiteBehavior [ RunTime:0.000000s ]
INFO: [ app_init ] --END-- [ RunTime:0.001000s ]
INFO: [ app_begin ] --START--
INFO: Run Behavior\ReadHtmlCacheBehavior [ RunTime:0.002001s ]
INFO: [ app_begin ] --END-- [ RunTime:0.002001s ]
SQL: SHOW COLUMNS FROM `login` [ RunTime:0.0090s ]
NOTIC: [8] Undefined index: validate C:\xampp\htdocs\hospital\ThinkPHP\Library\Think\Model.class.php 第 1185 行.
NOTIC: [8] Undefined index: auto C:\xampp\htdocs\hospital\ThinkPHP\Library\Think\Model.class.php 第 1128 行.
SQL: SELECT * FROM `login` WHERE ( name='Cojjj' ) LIMIT 1   [ RunTime:0.0020s ]
SQL: SHOW COLUMNS FROM `admin` [ RunTime:0.0100s ]
SQL: SELECT * FROM `admin` INNER JOIN hospital ON hospital.hos_code = admin.hos_code  WHERE ( admin_name = 'Cojjj' )  [ RunTime:0.0010s ]

[ 2017-12-23T10:03:31+08:00 ] ::1 /hospital/index.php/Admin/HospitalManager/hos_info_manage.html
INFO: [ app_init ] --START--
INFO: Run Behavior\BuildLiteBehavior [ RunTime:0.000000s ]
INFO: [ app_init ] --END-- [ RunTime:0.001000s ]
INFO: [ app_begin ] --START--
INFO: Run Behavior\ReadHtmlCacheBehavior [ RunTime:0.002000s ]
INFO: [ app_begin ] --END-- [ RunTime:0.002000s ]
SQL: SHOW COLUMNS FROM `hospital` [ RunTime:0.0010s ]
SQL: SELECT * FROM `hospital` WHERE ( hos_name = '山东省皮肤病医院' ) LIMIT 1   [ RunTime:0.0010s ]
INFO: [ view_parse ] --START--
INFO: Run Behavior\ParseTemplateBehavior [ RunTime:0.026001s ]
INFO: [ view_parse ] --END-- [ RunTime:0.026001s ]
INFO: [ view_filter ] --START--
INFO: Run Behavior\WriteHtmlCacheBehavior [ RunTime:0.001000s ]
INFO: [ view_filter ] --END-- [ RunTime:0.002000s ]
INFO: [ app_end ] --START--
INFO: Run Behavior\ShowPageTraceBehavior [ RunTime:0.002000s ]
INFO: [ app_end ] --END-- [ RunTime:0.002000s ]

[ 2017-12-23T10:03:33+08:00 ] ::1 /hospital/index.php/Admin/HospitalManager/keshi_manage.html
INFO: [ app_init ] --START--
INFO: Run Behavior\BuildLiteBehavior [ RunTime:0.000000s ]
INFO: [ app_init ] --END-- [ RunTime:0.001000s ]
INFO: [ app_begin ] --START--
INFO: Run Behavior\ReadHtmlCacheBehavior [ RunTime:0.002000s ]
INFO: [ app_begin ] --END-- [ RunTime:0.002000s ]
SQL: SHOW COLUMNS FROM `keshi` [ RunTime:0.0010s ]
SQL: SELECT * FROM `keshi` INNER JOIN hospital ON hospital.hos_code = keshi.hos_code  WHERE ( hos_name = '山东省皮肤病医院' )  [ RunTime:0.0010s ]
INFO: [ view_parse ] --START--
INFO: Run Behavior\ParseTemplateBehavior [ RunTime:0.025001s ]
INFO: [ view_parse ] --END-- [ RunTime:0.025001s ]
INFO: [ view_filter ] --START--
INFO: Run Behavior\WriteHtmlCacheBehavior [ RunTime:0.001000s ]
INFO: [ view_filter ] --END-- [ RunTime:0.001000s ]
INFO: [ app_end ] --START--
INFO: Run Behavior\ShowPageTraceBehavior [ RunTime:0.002001s ]
INFO: [ app_end ] --END-- [ RunTime:0.002001s ]

[ 2017-12-23T10:03:35+08:00 ] ::1 /hospital/index.php/Admin/HospitalManager/keshi_manage.html
INFO: [ app_init ] --START--
INFO: Run Behavior\BuildLiteBehavior [ RunTime:0.000000s ]
INFO: [ app_init ] --END-- [ RunTime:0.000000s ]
INFO: [ app_begin ] --START--
INFO: Run Behavior\ReadHtmlCacheBehavior [ RunTime:0.002000s ]
INFO: [ app_begin ] --END-- [ RunTime:0.002000s ]
SQL: SHOW COLUMNS FROM `keshi` [ RunTime:0.0030s ]
SQL: SELECT * FROM `keshi` INNER JOIN hospital ON hospital.hos_code = keshi.hos_code  WHERE ( hos_name = '山东省皮肤病医院' )  [ RunTime:0.0010s ]
SQL: SHOW COLUMNS FROM `zhuanjia` [ RunTime:0.0080s ]
NOTIC: [8] Undefined index: kehsi C:\xampp\htdocs\hospital\Application\Admin\Controller\HospitalManagerController.class.php 第 38 行.
NOTIC: [8] Undefined variable: zhuanjia C:\xampp\htdocs\hospital\Application\Admin\Controller\HospitalManagerController.class.php 第 40 行.

[ 2017-12-23T10:03:38+08:00 ] ::1 /hospital/index.php/Admin/HospitalManager/keshi_manage.html
INFO: [ app_init ] --START--
INFO: Run Behavior\BuildLiteBehavior [ RunTime:0.000000s ]
INFO: [ app_init ] --END-- [ RunTime:0.002000s ]
INFO: [ app_begin ] --START--
INFO: Run Behavior\ReadHtmlCacheBehavior [ RunTime:0.001000s ]
INFO: [ app_begin ] --END-- [ RunTime:0.001000s ]
SQL: SHOW COLUMNS FROM `keshi` [ RunTime:0.0010s ]
SQL: SELECT * FROM `keshi` INNER JOIN hospital ON hospital.hos_code = keshi.hos_code  WHERE ( hos_name = '山东省皮肤病医院' )  [ RunTime:0.0010s ]
INFO: [ view_parse ] --START--
INFO: Run Behavior\ParseTemplateBehavior [ RunTime:0.026001s ]
INFO: [ view_parse ] --END-- [ RunTime:0.027001s ]
INFO: [ view_filter ] --START--
INFO: Run Behavior\WriteHtmlCacheBehavior [ RunTime:0.001000s ]
INFO: [ view_filter ] --END-- [ RunTime:0.001000s ]
INFO: [ app_end ] --START--
INFO: Run Behavior\ShowPageTraceBehavior [ RunTime:0.003000s ]
INFO: [ app_end ] --END-- [ RunTime:0.003000s ]

[ 2017-12-23T10:04:36+08:00 ] ::1 /hospital/index.php/Admin/HospitalManager/keshi_manage.html
INFO: [ app_init ] --START--
INFO: Run Behavior\BuildLiteBehavior [ RunTime:0.000000s ]
INFO: [ app_init ] --END-- [ RunTime:0.001000s ]
INFO: [ app_begin ] --START--
INFO: Run Behavior\ReadHtmlCacheBehavior [ RunTime:0.002000s ]
INFO: [ app_begin ] --END-- [ RunTime:0.002000s ]
SQL: SHOW COLUMNS FROM `keshi` [ RunTime:0.0030s ]
SQL: SELECT * FROM `keshi` INNER JOIN hospital ON hospital.hos_code = keshi.hos_code  WHERE ( hos_name = '山东省皮肤病医院' )  [ RunTime:0.0030s ]
INFO: [ view_parse ] --START--
INFO: Run Behavior\ParseTemplateBehavior [ RunTime:0.027002s ]
INFO: [ view_parse ] --END-- [ RunTime:0.027002s ]
INFO: [ view_filter ] --START--
INFO: Run Behavior\WriteHtmlCacheBehavior [ RunTime:0.002000s ]
INFO: [ view_filter ] --END-- [ RunTime:0.002000s ]
INFO: [ app_end ] --START--
INFO: Run Behavior\ShowPageTraceBehavior [ RunTime:0.002000s ]
INFO: [ app_end ] --END-- [ RunTime:0.002000s ]

[ 2017-12-23T10:04:37+08:00 ] ::1 /hospital/index.php/Admin/HospitalManager/keshi_manage.html
INFO: [ app_init ] --START--
INFO: Run Behavior\BuildLiteBehavior [ RunTime:0.000000s ]
INFO: [ app_init ] --END-- [ RunTime:0.001000s ]
INFO: [ app_begin ] --START--
INFO: Run Behavior\ReadHtmlCacheBehavior [ RunTime:0.002000s ]
INFO: [ app_begin ] --END-- [ RunTime:0.002000s ]
SQL: SHOW COLUMNS FROM `keshi` [ RunTime:0.0030s ]
SQL: SELECT * FROM `keshi` INNER JOIN hospital ON hospital.hos_code = keshi.hos_code  WHERE ( hos_name = '山东省皮肤病医院' )  [ RunTime:0.0010s ]
SQL: SHOW COLUMNS FROM `zhuanjia` [ RunTime:0.0090s ]
NOTIC: [8] Undefined index: kehsi C:\xampp\htdocs\hospital\Application\Admin\Controller\HospitalManagerController.class.php 第 38 行.
SQL: SELECT * FROM `zhuanjia` INNER JOIN hospital ON hospital.hos_code = zhuanjia.hos_code  WHERE ( hos_name = '山东省皮肤病医院' AND k_code = '' )  [ RunTime:0.0060s ]
INFO: [ app_end ] --START--
INFO: Run Behavior\ShowPageTraceBehavior [ RunTime:0.002000s ]
INFO: [ app_end ] --END-- [ RunTime:0.002000s ]

[ 2017-12-23T10:05:20+08:00 ] ::1 /hospital/index.php/Admin/HospitalManager/keshi_manage.html
INFO: [ app_init ] --START--
INFO: Run Behavior\BuildLiteBehavior [ RunTime:0.000000s ]
INFO: [ app_init ] --END-- [ RunTime:0.001000s ]
INFO: [ app_begin ] --START--
INFO: Run Behavior\ReadHtmlCacheBehavior [ RunTime:0.002000s ]
INFO: [ app_begin ] --END-- [ RunTime:0.002000s ]
SQL: SHOW COLUMNS FROM `keshi` [ RunTime:0.0020s ]
SQL: SELECT * FROM `keshi` INNER JOIN hospital ON hospital.hos_code = keshi.hos_code  WHERE ( hos_name = '山东省皮肤病医院' )  [ RunTime:0.0020s ]
INFO: [ view_parse ] --START--
INFO: Run Behavior\ParseTemplateBehavior [ RunTime:0.029002s ]
INFO: [ view_parse ] --END-- [ RunTime:0.029002s ]
INFO: [ view_filter ] --START--
INFO: Run Behavior\WriteHtmlCacheBehavior [ RunTime:0.001000s ]
INFO: [ view_filter ] --END-- [ RunTime:0.002000s ]
INFO: [ app_end ] --START--
INFO: Run Behavior\ShowPageTraceBehavior [ RunTime:0.001000s ]
INFO: [ app_end ] --END-- [ RunTime:0.003000s ]

[ 2017-12-23T10:05:24+08:00 ] ::1 /hospital/index.php/Admin/HospitalManager/keshi_manage.html
INFO: [ app_init ] --START--
INFO: Run Behavior\BuildLiteBehavior [ RunTime:0.000000s ]
INFO: [ app_init ] --END-- [ RunTime:0.001001s ]
INFO: [ app_begin ] --START--
INFO: Run Behavior\ReadHtmlCacheBehavior [ RunTime:0.002000s ]
INFO: [ app_begin ] --END-- [ RunTime:0.002000s ]
SQL: SHOW COLUMNS FROM `keshi` [ RunTime:0.0020s ]
SQL: SELECT * FROM `keshi` INNER JOIN hospital ON hospital.hos_code = keshi.hos_code  WHERE ( hos_name = '山东省皮肤病医院' )  [ RunTime:0.0020s ]
INFO: [ view_parse ] --START--
INFO: Run Behavior\ParseTemplateBehavior [ RunTime:0.023002s ]
INFO: [ view_parse ] --END-- [ RunTime:0.023002s ]
INFO: [ view_filter ] --START--
INFO: Run Behavior\WriteHtmlCacheBehavior [ RunTime:0.002000s ]
INFO: [ view_filter ] --END-- [ RunTime:0.002000s ]
INFO: [ app_end ] --START--
INFO: Run Behavior\ShowPageTraceBehavior [ RunTime:0.002000s ]
INFO: [ app_end ] --END-- [ RunTime:0.002000s ]

[ 2017-12-23T10:05:25+08:00 ] ::1 /hospital/index.php/Admin/HospitalManager/keshi_manage.html
INFO: [ app_init ] --START--
INFO: Run Behavior\BuildLiteBehavior [ RunTime:0.000000s ]
INFO: [ app_init ] --END-- [ RunTime:0.001000s ]
INFO: [ app_begin ] --START--
INFO: Run Behavior\ReadHtmlCacheBehavior [ RunTime:0.002000s ]
INFO: [ app_begin ] --END-- [ RunTime:0.003000s ]
SQL: SHOW COLUMNS FROM `keshi` [ RunTime:0.0020s ]
SQL: SELECT * FROM `keshi` INNER JOIN hospital ON hospital.hos_code = keshi.hos_code  WHERE ( hos_name = '山东省皮肤病医院' )  [ RunTime:0.0010s ]
SQL: SHOW COLUMNS FROM `zhuanjia` [ RunTime:0.0090s ]
NOTIC: [8] Undefined index: kehsi C:\xampp\htdocs\hospital\Application\Admin\Controller\HospitalManagerController.class.php 第 38 行.
SQL: SELECT * FROM `zhuanjia` INNER JOIN hospital ON hospital.hos_code = zhuanjia.hos_code  WHERE ( hos_name = '山东省皮肤病医院' AND k_code = '' )  [ RunTime:0.0020s ]
INFO: [ app_end ] --START--
INFO: Run Behavior\ShowPageTraceBehavior [ RunTime:0.002000s ]
INFO: [ app_end ] --END-- [ RunTime:0.002000s ]

[ 2017-12-23T10:06:30+08:00 ] ::1 /hospital/index.php/Admin/HospitalManager/keshi_manage.html
INFO: [ app_init ] --START--
INFO: Run Behavior\BuildLiteBehavior [ RunTime:0.000000s ]
INFO: [ app_init ] --END-- [ RunTime:0.001001s ]
INFO: [ app_begin ] --START--
INFO: Run Behavior\ReadHtmlCacheBehavior [ RunTime:0.001000s ]
INFO: [ app_begin ] --END-- [ RunTime:0.002000s ]
SQL: SHOW COLUMNS FROM `keshi` [ RunTime:0.0020s ]
SQL: SELECT * FROM `keshi` INNER JOIN hospital ON hospital.hos_code = keshi.hos_code  WHERE ( hos_name = '山东省皮肤病医院' )  [ RunTime:0.0030s ]
INFO: [ view_parse ] --START--
INFO: Run Behavior\ParseTemplateBehavior [ RunTime:0.196011s ]
INFO: [ view_parse ] --END-- [ RunTime:0.196011s ]
INFO: [ view_filter ] --START--
INFO: Run Behavior\WriteHtmlCacheBehavior [ RunTime:0.002000s ]
INFO: [ view_filter ] --END-- [ RunTime:0.002000s ]
INFO: [ app_end ] --START--
INFO: Run Behavior\ShowPageTraceBehavior [ RunTime:0.002000s ]
INFO: [ app_end ] --END-- [ RunTime:0.002000s ]

[ 2017-12-23T10:06:32+08:00 ] ::1 /hospital/index.php/Admin/HospitalManager/keshi_manage.html
INFO: [ app_init ] --START--
INFO: Run Behavior\BuildLiteBehavior [ RunTime:0.000000s ]
INFO: [ app_init ] --END-- [ RunTime:0.002000s ]
INFO: [ app_begin ] --START--
INFO: Run Behavior\ReadHtmlCacheBehavior [ RunTime:0.002000s ]
INFO: [ app_begin ] --END-- [ RunTime:0.002000s ]
SQL: SHOW COLUMNS FROM `keshi` [ RunTime:0.0020s ]
SQL: SELECT * FROM `keshi` INNER JOIN hospital ON hospital.hos_code = keshi.hos_code  WHERE ( hos_name = '山东省皮肤病医院' )  [ RunTime:0.0010s ]
SQL: SHOW COLUMNS FROM `zhuanjia` [ RunTime:0.0020s ]
NOTIC: [8] Undefined index: kehsi C:\xampp\htdocs\hospital\Application\Admin\Controller\HospitalManagerController.class.php 第 38 行.
SQL: SELECT * FROM `zhuanjia` INNER JOIN hospital ON hospital.hos_code = zhuanjia.hos_code  WHERE ( hos_name = '山东省皮肤病医院' AND k_code = '' )  [ RunTime:0.0010s ]
INFO: [ app_end ] --START--
INFO: Run Behavior\ShowPageTraceBehavior [ RunTime:0.002000s ]
INFO: [ app_end ] --END-- [ RunTime:0.002000s ]

[ 2017-12-23T10:06:54+08:00 ] ::1 /hospital/index.php/Admin/HospitalManager/keshi_manage.html
INFO: [ app_init ] --START--
INFO: Run Behavior\BuildLiteBehavior [ RunTime:0.000000s ]
INFO: [ app_init ] --END-- [ RunTime:0.001000s ]
INFO: [ app_begin ] --START--
INFO: Run Behavior\ReadHtmlCacheBehavior [ RunTime:0.002000s ]
INFO: [ app_begin ] --END-- [ RunTime:0.002000s ]
SQL: SHOW COLUMNS FROM `keshi` [ RunTime:0.0020s ]
SQL: SELECT * FROM `keshi` INNER JOIN hospital ON hospital.hos_code = keshi.hos_code  WHERE ( hos_name = '山东省皮肤病医院' )  [ RunTime:0.0010s ]
INFO: [ view_parse ] --START--
INFO: Run Behavior\ParseTemplateBehavior [ RunTime:0.030001s ]
INFO: [ view_parse ] --END-- [ RunTime:0.030001s ]
INFO: [ view_filter ] --START--
INFO: Run Behavior\WriteHtmlCacheBehavior [ RunTime:0.001000s ]
INFO: [ view_filter ] --END-- [ RunTime:0.001000s ]
INFO: [ app_end ] --START--
INFO: Run Behavior\ShowPageTraceBehavior [ RunTime:0.002000s ]
INFO: [ app_end ] --END-- [ RunTime:0.003001s ]

[ 2017-12-23T10:06:56+08:00 ] ::1 /hospital/index.php/Admin/HospitalManager/keshi_manage.html
INFO: [ app_init ] --START--
INFO: Run Behavior\BuildLiteBehavior [ RunTime:0.000000s ]
INFO: [ app_init ] --END-- [ RunTime:0.001000s ]
INFO: [ app_begin ] --START--
INFO: Run Behavior\ReadHtmlCacheBehavior [ RunTime:0.002000s ]
INFO: [ app_begin ] --END-- [ RunTime:0.002000s ]
SQL: SHOW COLUMNS FROM `keshi` [ RunTime:0.0020s ]
SQL: SELECT * FROM `keshi` INNER JOIN hospital ON hospital.hos_code = keshi.hos_code  WHERE ( hos_name = '山东省皮肤病医院' )  [ RunTime:0.0020s ]
SQL: SHOW COLUMNS FROM `zhuanjia` [ RunTime:0.0080s ]
SQL: SELECT * FROM `zhuanjia` INNER JOIN hospital ON hospital.hos_code = zhuanjia.hos_code  WHERE ( hos_name = '山东省皮肤病医院' AND k_code = '38' )  [ RunTime:0.0020s ]
INFO: [ app_end ] --START--
INFO: Run Behavior\ShowPageTraceBehavior [ RunTime:0.002000s ]
INFO: [ app_end ] --END-- [ RunTime:0.002000s ]

