[ 2017-12-13T09:05:44+08:00 ] ::1 /hospital/index.php/Admin/Login/login
INFO: [ app_init ] --START--
INFO: Run Behavior\BuildLiteBehavior [ RunTime:0.000000s ]
INFO: [ app_init ] --END-- [ RunTime:0.006000s ]
INFO: [ app_begin ] --START--
INFO: Run Behavior\ReadHtmlCacheBehavior [ RunTime:0.003001s ]
INFO: [ app_begin ] --END-- [ RunTime:0.003001s ]
SQL: SHOW COLUMNS FROM `login` [ RunTime:0.0250s ]
INFO: [ view_parse ] --START--
NOTIC: [8] Undefined index: error1 C:\xampp\htdocs\hospital\Application\Runtime\Cache\c73415eed9521566291a09c320e3b93d188083cb.file.login.html.php 第 56 行.
NOTIC: [8] Trying to get property of non-object C:\xampp\htdocs\hospital\Application\Runtime\Cache\c73415eed9521566291a09c320e3b93d188083cb.file.login.html.php 第 56 行.
NOTIC: [2] Illegal string offset 'name' C:\xampp\htdocs\hospital\Application\Runtime\Cache\c73415eed9521566291a09c320e3b93d188083cb.file.login.html.php 第 59 行.
NOTIC: [8] Uninitialized string offset: 0 C:\xampp\htdocs\hospital\Application\Runtime\Cache\c73415eed9521566291a09c320e3b93d188083cb.file.login.html.php 第 59 行.
NOTIC: [2] Illegal string offset 'pwd' C:\xampp\htdocs\hospital\Application\Runtime\Cache\c73415eed9521566291a09c320e3b93d188083cb.file.login.html.php 第 66 行.
NOTIC: [8] Uninitialized string offset: 0 C:\xampp\htdocs\hospital\Application\Runtime\Cache\c73415eed9521566291a09c320e3b93d188083cb.file.login.html.php 第 66 行.
NOTIC: [8] Undefined index: error C:\xampp\htdocs\hospital\Application\Runtime\Cache\c73415eed9521566291a09c320e3b93d188083cb.file.login.html.php 第 76 行.
NOTIC: [8] Trying to get property of non-object C:\xampp\htdocs\hospital\Application\Runtime\Cache\c73415eed9521566291a09c320e3b93d188083cb.file.login.html.php 第 76 行.
INFO: Run Behavior\ParseTemplateBehavior [ RunTime:0.050003s ]
INFO: [ view_parse ] --END-- [ RunTime:0.050003s ]
INFO: [ view_filter ] --START--
INFO: Run Behavior\WriteHtmlCacheBehavior [ RunTime:0.003000s ]
INFO: [ view_filter ] --END-- [ RunTime:0.003000s ]
INFO: [ app_end ] --START--
INFO: Run Behavior\ShowPageTraceBehavior [ RunTime:0.003000s ]
INFO: [ app_end ] --END-- [ RunTime:0.003000s ]

[ 2017-12-13T09:05:45+08:00 ] ::1 /hospital/index.php/Admin/Login/verifyImg
INFO: [ app_init ] --START--
INFO: Run Behavior\BuildLiteBehavior [ RunTime:0.001000s ]
INFO: [ app_init ] --END-- [ RunTime:0.002000s ]
INFO: [ app_begin ] --START--
INFO: Run Behavior\ReadHtmlCacheBehavior [ RunTime:0.001000s ]
INFO: [ app_begin ] --END-- [ RunTime:0.002000s ]
INFO: [ app_end ] --START--
INFO: Run Behavior\ShowPageTraceBehavior [ RunTime:0.001000s ]
INFO: [ app_end ] --END-- [ RunTime:0.010000s ]

[ 2017-12-13T09:06:40+08:00 ] ::1 /hospital/index.php/Admin/Login/login
INFO: [ app_init ] --START--
INFO: Run Behavior\BuildLiteBehavior [ RunTime:0.000000s ]
INFO: [ app_init ] --END-- [ RunTime:0.001000s ]
INFO: [ app_begin ] --START--
INFO: Run Behavior\ReadHtmlCacheBehavior [ RunTime:0.002000s ]
INFO: [ app_begin ] --END-- [ RunTime:0.002000s ]
SQL: SHOW COLUMNS FROM `login` [ RunTime:0.0090s ]
NOTIC: [8] Undefined index: validate C:\xampp\htdocs\hospital\ThinkPHP\Library\Think\Model.class.php 第 1185 行.
NOTIC: [8] Undefined index: auto C:\xampp\htdocs\hospital\ThinkPHP\Library\Think\Model.class.php 第 1128 行.
SQL: SELECT * FROM `login` WHERE ( name='paul' ) LIMIT 1   [ RunTime:0.0040s ]

[ 2017-12-13T09:06:40+08:00 ] ::1 /hospital/index.php/Admin/SystemManager/hos_admin_manage.html
INFO: [ app_init ] --START--
INFO: Run Behavior\BuildLiteBehavior [ RunTime:0.000000s ]
INFO: [ app_init ] --END-- [ RunTime:0.002000s ]
INFO: [ app_begin ] --START--
INFO: Run Behavior\ReadHtmlCacheBehavior [ RunTime:0.002000s ]
INFO: [ app_begin ] --END-- [ RunTime:0.002000s ]
INFO: [ view_parse ] --START--
NOTIC: [8] Undefined index: error C:\xampp\htdocs\hospital\Application\Runtime\Cache\ecd87249e6de935e9e3619a161674d229725478a.file.hos_admin_manage.html.php 第 124 行.
NOTIC: [8] Trying to get property of non-object C:\xampp\htdocs\hospital\Application\Runtime\Cache\ecd87249e6de935e9e3619a161674d229725478a.file.hos_admin_manage.html.php 第 124 行.
NOTIC: [8] Undefined index: info C:\xampp\htdocs\hospital\Application\Runtime\Cache\ecd87249e6de935e9e3619a161674d229725478a.file.hos_admin_manage.html.php 第 147 行.
NOTIC: [8] Trying to get property of non-object C:\xampp\htdocs\hospital\Application\Runtime\Cache\ecd87249e6de935e9e3619a161674d229725478a.file.hos_admin_manage.html.php 第 147 行.
INFO: Run Behavior\ParseTemplateBehavior [ RunTime:0.033002s ]
INFO: [ view_parse ] --END-- [ RunTime:0.033002s ]
INFO: [ view_filter ] --START--
INFO: Run Behavior\WriteHtmlCacheBehavior [ RunTime:0.002000s ]
INFO: [ view_filter ] --END-- [ RunTime:0.002000s ]
INFO: [ app_end ] --START--
INFO: Run Behavior\ShowPageTraceBehavior [ RunTime:0.002000s ]
INFO: [ app_end ] --END-- [ RunTime:0.003000s ]

[ 2017-12-13T09:06:43+08:00 ] ::1 /hospital/index.php/Admin/SystemManager/hos_manage
INFO: [ app_init ] --START--
INFO: Run Behavior\BuildLiteBehavior [ RunTime:0.001001s ]
INFO: [ app_init ] --END-- [ RunTime:0.001001s ]
INFO: [ app_begin ] --START--
INFO: Run Behavior\ReadHtmlCacheBehavior [ RunTime:0.001000s ]
INFO: [ app_begin ] --END-- [ RunTime:0.001000s ]
SQL: SHOW COLUMNS FROM `hospital` [ RunTime:0.0110s ]
INFO: [ view_parse ] --START--
NOTIC: [8] Undefined index: error C:\xampp\htdocs\hospital\Application\Runtime\Cache\f256278d99ee8e5e7db1858ab055316572340347.file.hos_manage.html.php 第 129 行.
NOTIC: [8] Trying to get property of non-object C:\xampp\htdocs\hospital\Application\Runtime\Cache\f256278d99ee8e5e7db1858ab055316572340347.file.hos_manage.html.php 第 129 行.
NOTIC: [8] Undefined index: info C:\xampp\htdocs\hospital\Application\Runtime\Cache\f256278d99ee8e5e7db1858ab055316572340347.file.hos_manage.html.php 第 152 行.
NOTIC: [8] Trying to get property of non-object C:\xampp\htdocs\hospital\Application\Runtime\Cache\f256278d99ee8e5e7db1858ab055316572340347.file.hos_manage.html.php 第 152 行.
INFO: Run Behavior\ParseTemplateBehavior [ RunTime:0.196011s ]
INFO: [ view_parse ] --END-- [ RunTime:0.196011s ]
INFO: [ view_filter ] --START--
INFO: Run Behavior\WriteHtmlCacheBehavior [ RunTime:0.002000s ]
INFO: [ view_filter ] --END-- [ RunTime:0.002000s ]
INFO: [ view_parse ] --START--
NOTIC: [8] Undefined index: error C:\xampp\htdocs\hospital\Application\Runtime\Cache\f256278d99ee8e5e7db1858ab055316572340347.file.hos_manage.html.php 第 129 行.
NOTIC: [8] Trying to get property of non-object C:\xampp\htdocs\hospital\Application\Runtime\Cache\f256278d99ee8e5e7db1858ab055316572340347.file.hos_manage.html.php 第 129 行.
NOTIC: [8] Undefined index: info C:\xampp\htdocs\hospital\Application\Runtime\Cache\f256278d99ee8e5e7db1858ab055316572340347.file.hos_manage.html.php 第 152 行.
NOTIC: [8] Trying to get property of non-object C:\xampp\htdocs\hospital\Application\Runtime\Cache\f256278d99ee8e5e7db1858ab055316572340347.file.hos_manage.html.php 第 152 行.
INFO: Run Behavior\ParseTemplateBehavior [ RunTime:0.001000s ]
INFO: [ view_parse ] --END-- [ RunTime:-0.003000s ]
INFO: [ view_filter ] --START--
INFO: Run Behavior\WriteHtmlCacheBehavior [ RunTime:0.000000s ]
INFO: [ view_filter ] --END-- [ RunTime:-0.002000s ]
NOTIC: [2] Cannot modify header information - headers already sent by (output started at C:\xampp\htdocs\hospital\ThinkPHP\Library\Think\View.class.php:95) C:\xampp\htdocs\hospital\ThinkPHP\Library\Think\View.class.php 第 91 行.
NOTIC: [2] Cannot modify header information - headers already sent by (output started at C:\xampp\htdocs\hospital\ThinkPHP\Library\Think\View.class.php:95) C:\xampp\htdocs\hospital\ThinkPHP\Library\Think\View.class.php 第 92 行.
NOTIC: [2] Cannot modify header information - headers already sent by (output started at C:\xampp\htdocs\hospital\ThinkPHP\Library\Think\View.class.php:95) C:\xampp\htdocs\hospital\ThinkPHP\Library\Think\View.class.php 第 93 行.
INFO: [ app_end ] --START--
INFO: Run Behavior\ShowPageTraceBehavior [ RunTime:0.002000s ]
INFO: [ app_end ] --END-- [ RunTime:0.002000s ]

[ 2017-12-13T09:06:51+08:00 ] ::1 /hospital/index.php/Admin/SystemManager/hos_manage
INFO: [ app_init ] --START--
INFO: Run Behavior\BuildLiteBehavior [ RunTime:0.000000s ]
INFO: [ app_init ] --END-- [ RunTime:0.002000s ]
INFO: [ app_begin ] --START--
INFO: Run Behavior\ReadHtmlCacheBehavior [ RunTime:0.003001s ]
INFO: [ app_begin ] --END-- [ RunTime:0.003001s ]
SQL: SHOW COLUMNS FROM `hospital` [ RunTime:0.0070s ]
INFO: [ view_parse ] --START--
NOTIC: [8] Undefined index: error C:\xampp\htdocs\hospital\Application\Runtime\Cache\f256278d99ee8e5e7db1858ab055316572340347.file.hos_manage.html.php 第 129 行.
NOTIC: [8] Trying to get property of non-object C:\xampp\htdocs\hospital\Application\Runtime\Cache\f256278d99ee8e5e7db1858ab055316572340347.file.hos_manage.html.php 第 129 行.
NOTIC: [8] Undefined index: info C:\xampp\htdocs\hospital\Application\Runtime\Cache\f256278d99ee8e5e7db1858ab055316572340347.file.hos_manage.html.php 第 152 行.
NOTIC: [8] Trying to get property of non-object C:\xampp\htdocs\hospital\Application\Runtime\Cache\f256278d99ee8e5e7db1858ab055316572340347.file.hos_manage.html.php 第 152 行.
INFO: Run Behavior\ParseTemplateBehavior [ RunTime:0.026001s ]
INFO: [ view_parse ] --END-- [ RunTime:0.026001s ]
INFO: [ view_filter ] --START--
INFO: Run Behavior\WriteHtmlCacheBehavior [ RunTime:0.001000s ]
INFO: [ view_filter ] --END-- [ RunTime:0.001000s ]
INFO: [ app_end ] --START--
INFO: Run Behavior\ShowPageTraceBehavior [ RunTime:0.001000s ]
INFO: [ app_end ] --END-- [ RunTime:0.002000s ]

[ 2017-12-13T09:07:03+08:00 ] ::1 /hospital/index.php/Admin/SystemManager/hos_manage.html.html
INFO: [ app_init ] --START--
INFO: Run Behavior\BuildLiteBehavior [ RunTime:0.000000s ]
INFO: [ app_init ] --END-- [ RunTime:0.001000s ]
INFO: [ app_begin ] --START--
INFO: Run Behavior\ReadHtmlCacheBehavior [ RunTime:0.002001s ]
INFO: [ app_begin ] --END-- [ RunTime:0.002001s ]
ERR: 非法操作:hos_manage.html

[ 2017-12-13T09:07:13+08:00 ] ::1 /hospital/index.php/Admin/SystemManager/hos_manage
INFO: [ app_init ] --START--
INFO: Run Behavior\BuildLiteBehavior [ RunTime:0.000000s ]
INFO: [ app_init ] --END-- [ RunTime:0.001000s ]
INFO: [ app_begin ] --START--
INFO: Run Behavior\ReadHtmlCacheBehavior [ RunTime:0.002000s ]
INFO: [ app_begin ] --END-- [ RunTime:0.002000s ]
SQL: SHOW COLUMNS FROM `hospital` [ RunTime:0.0070s ]
INFO: [ view_parse ] --START--
NOTIC: [8] Undefined index: error C:\xampp\htdocs\hospital\Application\Runtime\Cache\f256278d99ee8e5e7db1858ab055316572340347.file.hos_manage.html.php 第 129 行.
NOTIC: [8] Trying to get property of non-object C:\xampp\htdocs\hospital\Application\Runtime\Cache\f256278d99ee8e5e7db1858ab055316572340347.file.hos_manage.html.php 第 129 行.
NOTIC: [8] Undefined index: info C:\xampp\htdocs\hospital\Application\Runtime\Cache\f256278d99ee8e5e7db1858ab055316572340347.file.hos_manage.html.php 第 152 行.
NOTIC: [8] Trying to get property of non-object C:\xampp\htdocs\hospital\Application\Runtime\Cache\f256278d99ee8e5e7db1858ab055316572340347.file.hos_manage.html.php 第 152 行.
INFO: Run Behavior\ParseTemplateBehavior [ RunTime:0.027001s ]
INFO: [ view_parse ] --END-- [ RunTime:0.028001s ]
INFO: [ view_filter ] --START--
INFO: Run Behavior\WriteHtmlCacheBehavior [ RunTime:0.001000s ]
INFO: [ view_filter ] --END-- [ RunTime:0.001000s ]
INFO: [ view_parse ] --START--
NOTIC: [8] Undefined index: error C:\xampp\htdocs\hospital\Application\Runtime\Cache\f256278d99ee8e5e7db1858ab055316572340347.file.hos_manage.html.php 第 129 行.
NOTIC: [8] Trying to get property of non-object C:\xampp\htdocs\hospital\Application\Runtime\Cache\f256278d99ee8e5e7db1858ab055316572340347.file.hos_manage.html.php 第 129 行.
NOTIC: [8] Undefined index: info C:\xampp\htdocs\hospital\Application\Runtime\Cache\f256278d99ee8e5e7db1858ab055316572340347.file.hos_manage.html.php 第 152 行.
NOTIC: [8] Trying to get property of non-object C:\xampp\htdocs\hospital\Application\Runtime\Cache\f256278d99ee8e5e7db1858ab055316572340347.file.hos_manage.html.php 第 152 行.
INFO: Run Behavior\ParseTemplateBehavior [ RunTime:0.000000s ]
INFO: [ view_parse ] --END-- [ RunTime:-0.002000s ]
INFO: [ view_filter ] --START--
INFO: Run Behavior\WriteHtmlCacheBehavior [ RunTime:0.000000s ]
INFO: [ view_filter ] --END-- [ RunTime:-0.002000s ]
NOTIC: [2] Cannot modify header information - headers already sent by (output started at C:\xampp\htdocs\hospital\ThinkPHP\Library\Think\View.class.php:95) C:\xampp\htdocs\hospital\ThinkPHP\Library\Think\View.class.php 第 91 行.
NOTIC: [2] Cannot modify header information - headers already sent by (output started at C:\xampp\htdocs\hospital\ThinkPHP\Library\Think\View.class.php:95) C:\xampp\htdocs\hospital\ThinkPHP\Library\Think\View.class.php 第 92 行.
NOTIC: [2] Cannot modify header information - headers already sent by (output started at C:\xampp\htdocs\hospital\ThinkPHP\Library\Think\View.class.php:95) C:\xampp\htdocs\hospital\ThinkPHP\Library\Think\View.class.php 第 93 行.
INFO: [ app_end ] --START--
INFO: Run Behavior\ShowPageTraceBehavior [ RunTime:0.003001s ]
INFO: [ app_end ] --END-- [ RunTime:0.003001s ]

[ 2017-12-13T09:07:15+08:00 ] ::1 /hospital/index.php/Admin/Login/login
INFO: [ app_init ] --START--
INFO: Run Behavior\BuildLiteBehavior [ RunTime:0.000000s ]
INFO: [ app_init ] --END-- [ RunTime:0.001000s ]
INFO: [ app_begin ] --START--
INFO: Run Behavior\ReadHtmlCacheBehavior [ RunTime:0.001000s ]
INFO: [ app_begin ] --END-- [ RunTime:0.001000s ]
SQL: SHOW COLUMNS FROM `login` [ RunTime:0.0070s ]
INFO: [ view_parse ] --START--
NOTIC: [8] Undefined index: error1 C:\xampp\htdocs\hospital\Application\Runtime\Cache\c73415eed9521566291a09c320e3b93d188083cb.file.login.html.php 第 56 行.
NOTIC: [8] Trying to get property of non-object C:\xampp\htdocs\hospital\Application\Runtime\Cache\c73415eed9521566291a09c320e3b93d188083cb.file.login.html.php 第 56 行.
NOTIC: [2] Illegal string offset 'name' C:\xampp\htdocs\hospital\Application\Runtime\Cache\c73415eed9521566291a09c320e3b93d188083cb.file.login.html.php 第 59 行.
NOTIC: [8] Uninitialized string offset: 0 C:\xampp\htdocs\hospital\Application\Runtime\Cache\c73415eed9521566291a09c320e3b93d188083cb.file.login.html.php 第 59 行.
NOTIC: [2] Illegal string offset 'pwd' C:\xampp\htdocs\hospital\Application\Runtime\Cache\c73415eed9521566291a09c320e3b93d188083cb.file.login.html.php 第 66 行.
NOTIC: [8] Uninitialized string offset: 0 C:\xampp\htdocs\hospital\Application\Runtime\Cache\c73415eed9521566291a09c320e3b93d188083cb.file.login.html.php 第 66 行.
NOTIC: [8] Undefined index: error C:\xampp\htdocs\hospital\Application\Runtime\Cache\c73415eed9521566291a09c320e3b93d188083cb.file.login.html.php 第 76 行.
NOTIC: [8] Trying to get property of non-object C:\xampp\htdocs\hospital\Application\Runtime\Cache\c73415eed9521566291a09c320e3b93d188083cb.file.login.html.php 第 76 行.
INFO: Run Behavior\ParseTemplateBehavior [ RunTime:0.022001s ]
INFO: [ view_parse ] --END-- [ RunTime:0.022001s ]
INFO: [ view_filter ] --START--
INFO: Run Behavior\WriteHtmlCacheBehavior [ RunTime:0.001000s ]
INFO: [ view_filter ] --END-- [ RunTime:0.002000s ]
INFO: [ app_end ] --START--
INFO: Run Behavior\ShowPageTraceBehavior [ RunTime:0.001000s ]
INFO: [ app_end ] --END-- [ RunTime:0.001000s ]

[ 2017-12-13T09:07:19+08:00 ] ::1 /hospital/index.php/Admin/Login/login
INFO: [ app_init ] --START--
INFO: Run Behavior\BuildLiteBehavior [ RunTime:0.000000s ]
INFO: [ app_init ] --END-- [ RunTime:0.001000s ]
INFO: [ app_begin ] --START--
INFO: Run Behavior\ReadHtmlCacheBehavior [ RunTime:0.002000s ]
INFO: [ app_begin ] --END-- [ RunTime:0.002000s ]
SQL: SHOW COLUMNS FROM `login` [ RunTime:0.0070s ]
INFO: [ view_parse ] --START--
NOTIC: [8] Undefined index: error1 C:\xampp\htdocs\hospital\Application\Runtime\Cache\c73415eed9521566291a09c320e3b93d188083cb.file.login.html.php 第 56 行.
NOTIC: [8] Trying to get property of non-object C:\xampp\htdocs\hospital\Application\Runtime\Cache\c73415eed9521566291a09c320e3b93d188083cb.file.login.html.php 第 56 行.
NOTIC: [2] Illegal string offset 'name' C:\xampp\htdocs\hospital\Application\Runtime\Cache\c73415eed9521566291a09c320e3b93d188083cb.file.login.html.php 第 59 行.
NOTIC: [8] Uninitialized string offset: 0 C:\xampp\htdocs\hospital\Application\Runtime\Cache\c73415eed9521566291a09c320e3b93d188083cb.file.login.html.php 第 59 行.
NOTIC: [2] Illegal string offset 'pwd' C:\xampp\htdocs\hospital\Application\Runtime\Cache\c73415eed9521566291a09c320e3b93d188083cb.file.login.html.php 第 66 行.
NOTIC: [8] Uninitialized string offset: 0 C:\xampp\htdocs\hospital\Application\Runtime\Cache\c73415eed9521566291a09c320e3b93d188083cb.file.login.html.php 第 66 行.
NOTIC: [8] Undefined index: error C:\xampp\htdocs\hospital\Application\Runtime\Cache\c73415eed9521566291a09c320e3b93d188083cb.file.login.html.php 第 76 行.
NOTIC: [8] Trying to get property of non-object C:\xampp\htdocs\hospital\Application\Runtime\Cache\c73415eed9521566291a09c320e3b93d188083cb.file.login.html.php 第 76 行.
INFO: Run Behavior\ParseTemplateBehavior [ RunTime:0.023001s ]
INFO: [ view_parse ] --END-- [ RunTime:0.023001s ]
INFO: [ view_filter ] --START--
INFO: Run Behavior\WriteHtmlCacheBehavior [ RunTime:0.001000s ]
INFO: [ view_filter ] --END-- [ RunTime:0.001000s ]
INFO: [ app_end ] --START--
INFO: Run Behavior\ShowPageTraceBehavior [ RunTime:0.001000s ]
INFO: [ app_end ] --END-- [ RunTime:0.001000s ]

[ 2017-12-13T09:07:19+08:00 ] ::1 /hospital/index.php/Admin/Login/verifyImg
INFO: [ app_init ] --START--
INFO: Run Behavior\BuildLiteBehavior [ RunTime:0.000000s ]
INFO: [ app_init ] --END-- [ RunTime:0.001000s ]
INFO: [ app_begin ] --START--
INFO: Run Behavior\ReadHtmlCacheBehavior [ RunTime:0.002000s ]
INFO: [ app_begin ] --END-- [ RunTime:0.002000s ]
INFO: [ app_end ] --START--
INFO: Run Behavior\ShowPageTraceBehavior [ RunTime:0.002000s ]
INFO: [ app_end ] --END-- [ RunTime:0.003000s ]

[ 2017-12-13T09:07:33+08:00 ] ::1 /hospital/index.php/Admin/Login/login
INFO: [ app_init ] --START--
INFO: Run Behavior\BuildLiteBehavior [ RunTime:0.000000s ]
INFO: [ app_init ] --END-- [ RunTime:0.002000s ]
INFO: [ app_begin ] --START--
INFO: Run Behavior\ReadHtmlCacheBehavior [ RunTime:0.002000s ]
INFO: [ app_begin ] --END-- [ RunTime:0.002000s ]
SQL: SHOW COLUMNS FROM `login` [ RunTime:0.0080s ]
NOTIC: [8] Undefined index: validate C:\xampp\htdocs\hospital\ThinkPHP\Library\Think\Model.class.php 第 1185 行.
NOTIC: [8] Undefined index: auto C:\xampp\htdocs\hospital\ThinkPHP\Library\Think\Model.class.php 第 1128 行.
SQL: SELECT * FROM `login` WHERE ( name='paul' ) LIMIT 1   [ RunTime:0.0010s ]

[ 2017-12-13T09:07:33+08:00 ] ::1 /hospital/index.php/Admin/SystemManager/hos_admin_manage.html
INFO: [ app_init ] --START--
INFO: Run Behavior\BuildLiteBehavior [ RunTime:0.000000s ]
INFO: [ app_init ] --END-- [ RunTime:0.001000s ]
INFO: [ app_begin ] --START--
INFO: Run Behavior\ReadHtmlCacheBehavior [ RunTime:0.002000s ]
INFO: [ app_begin ] --END-- [ RunTime:0.002000s ]
INFO: [ view_parse ] --START--
NOTIC: [8] Undefined index: error C:\xampp\htdocs\hospital\Application\Runtime\Cache\ecd87249e6de935e9e3619a161674d229725478a.file.hos_admin_manage.html.php 第 124 行.
NOTIC: [8] Trying to get property of non-object C:\xampp\htdocs\hospital\Application\Runtime\Cache\ecd87249e6de935e9e3619a161674d229725478a.file.hos_admin_manage.html.php 第 124 行.
NOTIC: [8] Undefined index: info C:\xampp\htdocs\hospital\Application\Runtime\Cache\ecd87249e6de935e9e3619a161674d229725478a.file.hos_admin_manage.html.php 第 147 行.
NOTIC: [8] Trying to get property of non-object C:\xampp\htdocs\hospital\Application\Runtime\Cache\ecd87249e6de935e9e3619a161674d229725478a.file.hos_admin_manage.html.php 第 147 行.
INFO: Run Behavior\ParseTemplateBehavior [ RunTime:0.028001s ]
INFO: [ view_parse ] --END-- [ RunTime:0.028001s ]
INFO: [ view_filter ] --START--
INFO: Run Behavior\WriteHtmlCacheBehavior [ RunTime:0.001000s ]
INFO: [ view_filter ] --END-- [ RunTime:0.001000s ]
INFO: [ app_end ] --START--
INFO: Run Behavior\ShowPageTraceBehavior [ RunTime:0.002000s ]
INFO: [ app_end ] --END-- [ RunTime:0.002000s ]

[ 2017-12-13T09:07:45+08:00 ] ::1 /hospital/index.php/Admin/SystemManager/hos_admin_manage.html
INFO: [ app_init ] --START--
INFO: Run Behavior\BuildLiteBehavior [ RunTime:0.000000s ]
INFO: [ app_init ] --END-- [ RunTime:0.001000s ]
INFO: [ app_begin ] --START--
INFO: Run Behavior\ReadHtmlCacheBehavior [ RunTime:0.001000s ]
INFO: [ app_begin ] --END-- [ RunTime:0.001000s ]
SQL: SHOW COLUMNS FROM `admin` [ RunTime:0.0100s ]
SQL: SELECT * FROM `admin` WHERE ( hos_code=1 )  [ RunTime:0.0020s ]
SQL: SELECT COUNT(*) AS tp_count FROM `admin` WHERE ( hos_code=1 ) LIMIT 1   [ RunTime:0.0030s ]
INFO: [ view_parse ] --START--
NOTIC: [8] Undefined index: error C:\xampp\htdocs\hospital\Application\Runtime\Cache\ecd87249e6de935e9e3619a161674d229725478a.file.hos_admin_manage.html.php 第 124 行.
NOTIC: [8] Trying to get property of non-object C:\xampp\htdocs\hospital\Application\Runtime\Cache\ecd87249e6de935e9e3619a161674d229725478a.file.hos_admin_manage.html.php 第 124 行.
INFO: Run Behavior\ParseTemplateBehavior [ RunTime:0.026001s ]
INFO: [ view_parse ] --END-- [ RunTime:0.027001s ]
INFO: [ view_filter ] --START--
INFO: Run Behavior\WriteHtmlCacheBehavior [ RunTime:0.001000s ]
INFO: [ view_filter ] --END-- [ RunTime:0.001000s ]
INFO: [ app_end ] --START--
INFO: Run Behavior\ShowPageTraceBehavior [ RunTime:0.002000s ]
INFO: [ app_end ] --END-- [ RunTime:0.002000s ]

