[ 2017-11-18T16:26:22+08:00 ] ::1 /hospital/index.php/Admin/Login/login
INFO: [ app_init ] --START--
INFO: Run Behavior\BuildLiteBehavior [ RunTime:0.000000s ]
INFO: [ app_init ] --END-- [ RunTime:0.002000s ]
INFO: [ app_begin ] --START--
INFO: Run Behavior\ReadHtmlCacheBehavior [ RunTime:0.002000s ]
INFO: [ app_begin ] --END-- [ RunTime:0.003000s ]
SQL: SHOW COLUMNS FROM `user` [ RunTime:0.0080s ]
SQL: SELECT * FROM `user` WHERE ( name='ben' )  [ RunTime:0.0010s ]
NOTIC: [8] Undefined index: pwd C:\xampp\htdocs\hospital\Application\Admin\Controller\LoginController.class.php 第 17 行.
INFO: [ view_parse ] --START--
NOTIC: [8] Use of undefined constant THEME_PATH - assumed 'THEME_PATH' C:\xampp\htdocs\hospital\ThinkPHP\Library\Think\Template\Driver\Smarty.class.php 第 25 行.
NOTIC: [8] Use of undefined constant THEME_PATH - assumed 'THEME_PATH' C:\xampp\htdocs\hospital\ThinkPHP\Library\Think\Template\Driver\Smarty.class.php 第 29 行.
NOTIC: [2] filemtime(): stat failed for THEME_PATH\tdocs\hospital\ThinkPHP\Tpl\dispatch_jump.tpl C:\xampp\htdocs\hospital\ThinkPHP\Library\Vendor\Smarty\sysplugins\smarty_resource.php 第 315 行.
NOTIC: [2] filemtime(): stat failed for tdocs\hospital\ThinkPHP\Tpl\dispatch_jump.tpl C:\xampp\htdocs\hospital\ThinkPHP\Library\Vendor\Smarty\sysplugins\smarty_resource.php 第 315 行.
ERR: Unable to load template file 'tdocs\hospital\ThinkPHP/Tpl/dispatch_jump.tpl'

[ 2017-11-18T16:26:27+08:00 ] ::1 /hospital/index.php/Admin/Login/login
INFO: [ app_init ] --START--
INFO: Run Behavior\BuildLiteBehavior [ RunTime:0.000000s ]
INFO: [ app_init ] --END-- [ RunTime:0.001000s ]
INFO: [ app_begin ] --START--
INFO: Run Behavior\ReadHtmlCacheBehavior [ RunTime:0.003000s ]
INFO: [ app_begin ] --END-- [ RunTime:0.003000s ]
INFO: [ view_parse ] --START--
NOTIC: [2] filemtime(): stat failed for ./Application/Runtime/Cache\c73415eed9521566291a09c320e3b93d188083cb.file.login.html.php C:\xampp\htdocs\hospital\ThinkPHP\Library\Vendor\Smarty\sysplugins\smarty_resource.php 第 683 行.
NOTIC: [2] unlink(./Application/Runtime/Cache\c73415eed9521566291a09c320e3b93d188083cb.file.login.html.php): No such file or directory C:\xampp\htdocs\hospital\ThinkPHP\Library\Vendor\Smarty\sysplugins\smarty_internal_write_file.php 第 49 行.
INFO: Run Behavior\ParseTemplateBehavior [ RunTime:0.121006s ]
INFO: [ view_parse ] --END-- [ RunTime:0.121006s ]
INFO: [ view_filter ] --START--
INFO: Run Behavior\WriteHtmlCacheBehavior [ RunTime:0.002001s ]
INFO: [ view_filter ] --END-- [ RunTime:0.002001s ]
INFO: [ app_end ] --START--
INFO: Run Behavior\ShowPageTraceBehavior [ RunTime:0.002000s ]
INFO: [ app_end ] --END-- [ RunTime:0.002000s ]

[ 2017-11-18T16:26:35+08:00 ] ::1 /hospital/index.php/Admin/Login/login
INFO: [ app_init ] --START--
INFO: Run Behavior\BuildLiteBehavior [ RunTime:0.000000s ]
INFO: [ app_init ] --END-- [ RunTime:0.002000s ]
INFO: [ app_begin ] --START--
INFO: Run Behavior\ReadHtmlCacheBehavior [ RunTime:0.003000s ]
INFO: [ app_begin ] --END-- [ RunTime:0.003000s ]
SQL: SHOW COLUMNS FROM `user` [ RunTime:0.0110s ]
SQL: SELECT * FROM `user` WHERE ( name='ben' )  [ RunTime:0.0020s ]
NOTIC: [8] Undefined index: pwd C:\xampp\htdocs\hospital\Application\Admin\Controller\LoginController.class.php 第 17 行.
INFO: [ view_parse ] --START--
NOTIC: [8] Use of undefined constant THEME_PATH - assumed 'THEME_PATH' C:\xampp\htdocs\hospital\ThinkPHP\Library\Think\Template\Driver\Smarty.class.php 第 25 行.
NOTIC: [8] Use of undefined constant THEME_PATH - assumed 'THEME_PATH' C:\xampp\htdocs\hospital\ThinkPHP\Library\Think\Template\Driver\Smarty.class.php 第 29 行.
NOTIC: [2] filemtime(): stat failed for THEME_PATH\tdocs\hospital\ThinkPHP\Tpl\dispatch_jump.tpl C:\xampp\htdocs\hospital\ThinkPHP\Library\Vendor\Smarty\sysplugins\smarty_resource.php 第 315 行.
NOTIC: [2] filemtime(): stat failed for tdocs\hospital\ThinkPHP\Tpl\dispatch_jump.tpl C:\xampp\htdocs\hospital\ThinkPHP\Library\Vendor\Smarty\sysplugins\smarty_resource.php 第 315 行.
ERR: Unable to load template file 'tdocs\hospital\ThinkPHP/Tpl/dispatch_jump.tpl'

[ 2017-11-18T16:28:24+08:00 ] ::1 /hospital/index.php/Admin/Login/login
INFO: [ app_init ] --START--
INFO: Run Behavior\BuildLiteBehavior [ RunTime:0.000000s ]
INFO: [ app_init ] --END-- [ RunTime:0.001000s ]
INFO: [ app_begin ] --START--
INFO: Run Behavior\ReadHtmlCacheBehavior [ RunTime:0.002000s ]
INFO: [ app_begin ] --END-- [ RunTime:0.002000s ]
INFO: [ view_parse ] --START--
INFO: Run Behavior\ParseTemplateBehavior [ RunTime:0.029002s ]
INFO: [ view_parse ] --END-- [ RunTime:0.030002s ]
INFO: [ view_filter ] --START--
INFO: Run Behavior\WriteHtmlCacheBehavior [ RunTime:0.001000s ]
INFO: [ view_filter ] --END-- [ RunTime:0.002000s ]
INFO: [ app_end ] --START--
INFO: Run Behavior\ShowPageTraceBehavior [ RunTime:0.003000s ]
INFO: [ app_end ] --END-- [ RunTime:0.003000s ]

[ 2017-11-18T16:29:59+08:00 ] ::1 /hospital/index.php/Admin/Login/login
INFO: [ app_init ] --START--
INFO: Run Behavior\BuildLiteBehavior [ RunTime:0.000000s ]
INFO: [ app_init ] --END-- [ RunTime:0.002001s ]
INFO: [ app_begin ] --START--
INFO: Run Behavior\ReadHtmlCacheBehavior [ RunTime:0.003000s ]
INFO: [ app_begin ] --END-- [ RunTime:0.003000s ]
SQL: SHOW COLUMNS FROM `user` [ RunTime:0.0080s ]
SQL: SELECT * FROM `user` WHERE ( name='ben' )  [ RunTime:0.0010s ]
NOTIC: [8] Undefined index: pwd C:\xampp\htdocs\hospital\Application\Admin\Controller\LoginController.class.php 第 17 行.
INFO: [ view_parse ] --START--
NOTIC: [8] Use of undefined constant THEME_PATH - assumed 'THEME_PATH' C:\xampp\htdocs\hospital\ThinkPHP\Library\Think\Template\Driver\Smarty.class.php 第 25 行.
NOTIC: [8] Use of undefined constant THEME_PATH - assumed 'THEME_PATH' C:\xampp\htdocs\hospital\ThinkPHP\Library\Think\Template\Driver\Smarty.class.php 第 29 行.
NOTIC: [2] filemtime(): stat failed for THEME_PATH\tdocs\hospital\ThinkPHP\Tpl\dispatch_jump.tpl C:\xampp\htdocs\hospital\ThinkPHP\Library\Vendor\Smarty\sysplugins\smarty_resource.php 第 315 行.
NOTIC: [2] filemtime(): stat failed for tdocs\hospital\ThinkPHP\Tpl\dispatch_jump.tpl C:\xampp\htdocs\hospital\ThinkPHP\Library\Vendor\Smarty\sysplugins\smarty_resource.php 第 315 行.
ERR: Unable to load template file 'tdocs\hospital\ThinkPHP/Tpl/dispatch_jump.tpl'

[ 2017-11-18T16:31:37+08:00 ] ::1 /hospital/index.php/Admin/Login/login
INFO: [ app_init ] --START--
INFO: Run Behavior\BuildLiteBehavior [ RunTime:0.000000s ]
INFO: [ app_init ] --END-- [ RunTime:0.002000s ]
INFO: [ app_begin ] --START--
INFO: Run Behavior\ReadHtmlCacheBehavior [ RunTime:0.002000s ]
INFO: [ app_begin ] --END-- [ RunTime:0.002000s ]
INFO: [ view_parse ] --START--
INFO: Run Behavior\ParseTemplateBehavior [ RunTime:0.022001s ]
INFO: [ view_parse ] --END-- [ RunTime:0.023001s ]
INFO: [ view_filter ] --START--
INFO: Run Behavior\WriteHtmlCacheBehavior [ RunTime:0.001000s ]
INFO: [ view_filter ] --END-- [ RunTime:0.001000s ]
INFO: [ app_end ] --START--
INFO: Run Behavior\ShowPageTraceBehavior [ RunTime:0.002000s ]
INFO: [ app_end ] --END-- [ RunTime:0.003000s ]

[ 2017-11-18T16:31:42+08:00 ] ::1 /hospital/index.php/Admin/Login/login
INFO: [ app_init ] --START--
INFO: Run Behavior\BuildLiteBehavior [ RunTime:0.000000s ]
INFO: [ app_init ] --END-- [ RunTime:0.001000s ]
INFO: [ app_begin ] --START--
INFO: Run Behavior\ReadHtmlCacheBehavior [ RunTime:0.002000s ]
INFO: [ app_begin ] --END-- [ RunTime:0.002000s ]
SQL: SHOW COLUMNS FROM `user` [ RunTime:0.0080s ]
SQL: SELECT * FROM `user` WHERE ( name='ben' )  [ RunTime:0.0010s ]
NOTIC: [8] Undefined index: pwd C:\xampp\htdocs\hospital\Application\Admin\Controller\LoginController.class.php 第 17 行.
INFO: [ view_parse ] --START--
NOTIC: [8] Use of undefined constant THEME_PATH - assumed 'THEME_PATH' C:\xampp\htdocs\hospital\ThinkPHP\Library\Think\Template\Driver\Smarty.class.php 第 25 行.
NOTIC: [8] Use of undefined constant THEME_PATH - assumed 'THEME_PATH' C:\xampp\htdocs\hospital\ThinkPHP\Library\Think\Template\Driver\Smarty.class.php 第 29 行.
NOTIC: [2] filemtime(): stat failed for THEME_PATH\tdocs\hospital\ThinkPHP\Tpl\dispatch_jump.tpl C:\xampp\htdocs\hospital\ThinkPHP\Library\Vendor\Smarty\sysplugins\smarty_resource.php 第 315 行.
NOTIC: [2] filemtime(): stat failed for tdocs\hospital\ThinkPHP\Tpl\dispatch_jump.tpl C:\xampp\htdocs\hospital\ThinkPHP\Library\Vendor\Smarty\sysplugins\smarty_resource.php 第 315 行.
ERR: Unable to load template file 'tdocs\hospital\ThinkPHP/Tpl/dispatch_jump.tpl'

[ 2017-11-18T16:36:49+08:00 ] ::1 /hospital/index.php/Admin/Login/login
INFO: [ app_init ] --START--
INFO: Run Behavior\BuildLiteBehavior [ RunTime:0.000000s ]
INFO: [ app_init ] --END-- [ RunTime:0.001001s ]
INFO: [ app_begin ] --START--
INFO: Run Behavior\ReadHtmlCacheBehavior [ RunTime:0.003000s ]
INFO: [ app_begin ] --END-- [ RunTime:0.003000s ]
INFO: [ view_parse ] --START--
INFO: Run Behavior\ParseTemplateBehavior [ RunTime:0.028002s ]
INFO: [ view_parse ] --END-- [ RunTime:0.028002s ]
INFO: [ view_filter ] --START--
INFO: Run Behavior\WriteHtmlCacheBehavior [ RunTime:0.002000s ]
INFO: [ view_filter ] --END-- [ RunTime:0.002000s ]
INFO: [ app_end ] --START--
INFO: Run Behavior\ShowPageTraceBehavior [ RunTime:0.003000s ]
INFO: [ app_end ] --END-- [ RunTime:0.003000s ]

[ 2017-11-18T16:36:57+08:00 ] ::1 /hospital/index.php/Admin/Login/login
INFO: [ app_init ] --START--
INFO: Run Behavior\BuildLiteBehavior [ RunTime:0.000000s ]
INFO: [ app_init ] --END-- [ RunTime:0.002000s ]
INFO: [ app_begin ] --START--
INFO: Run Behavior\ReadHtmlCacheBehavior [ RunTime:0.002000s ]
INFO: [ app_begin ] --END-- [ RunTime:0.003000s ]
SQL: SHOW COLUMNS FROM `user` [ RunTime:0.0080s ]
SQL: SELECT * FROM `user` WHERE ( name='ben' )  [ RunTime:0.0010s ]
NOTIC: [8] Undefined index: pwd C:\xampp\htdocs\hospital\Application\Admin\Controller\LoginController.class.php 第 17 行.
ERR: 模板不存在:./Application/Admin/View/Public/success.html

