[ 2018-01-21T21:40:16+08:00 ] ::1 /hospital/index.php/Admin/Login/login
INFO: [ app_init ] --START--
INFO: Run Behavior\BuildLiteBehavior [ RunTime:0.000000s ]
INFO: [ app_init ] --END-- [ RunTime:0.006000s ]
INFO: [ app_begin ] --START--
INFO: Run Behavior\ReadHtmlCacheBehavior [ RunTime:0.003000s ]
INFO: [ app_begin ] --END-- [ RunTime:0.003000s ]
SQL: SHOW COLUMNS FROM `login` [ RunTime:0.0280s ]
INFO: [ view_parse ] --START--
NOTIC: [8] Undefined index: error1 C:\xampp\htdocs\hospital\Application\Runtime\Cache\c73415eed9521566291a09c320e3b93d188083cb.file.login.html.php 第 56 行.
NOTIC: [8] Trying to get property of non-object C:\xampp\htdocs\hospital\Application\Runtime\Cache\c73415eed9521566291a09c320e3b93d188083cb.file.login.html.php 第 56 行.
NOTIC: [2] Illegal string offset 'name' C:\xampp\htdocs\hospital\Application\Runtime\Cache\c73415eed9521566291a09c320e3b93d188083cb.file.login.html.php 第 59 行.
NOTIC: [8] Uninitialized string offset: 0 C:\xampp\htdocs\hospital\Application\Runtime\Cache\c73415eed9521566291a09c320e3b93d188083cb.file.login.html.php 第 59 行.
NOTIC: [2] Illegal string offset 'pwd' C:\xampp\htdocs\hospital\Application\Runtime\Cache\c73415eed9521566291a09c320e3b93d188083cb.file.login.html.php 第 66 行.
NOTIC: [8] Uninitialized string offset: 0 C:\xampp\htdocs\hospital\Application\Runtime\Cache\c73415eed9521566291a09c320e3b93d188083cb.file.login.html.php 第 66 行.
NOTIC: [8] Undefined index: error C:\xampp\htdocs\hospital\Application\Runtime\Cache\c73415eed9521566291a09c320e3b93d188083cb.file.login.html.php 第 76 行.
NOTIC: [8] Trying to get property of non-object C:\xampp\htdocs\hospital\Application\Runtime\Cache\c73415eed9521566291a09c320e3b93d188083cb.file.login.html.php 第 76 行.
INFO: Run Behavior\ParseTemplateBehavior [ RunTime:0.139008s ]
INFO: [ view_parse ] --END-- [ RunTime:0.139008s ]
INFO: [ view_filter ] --START--
INFO: Run Behavior\WriteHtmlCacheBehavior [ RunTime:0.002001s ]
INFO: [ view_filter ] --END-- [ RunTime:0.002001s ]
INFO: [ app_end ] --START--
INFO: Run Behavior\ShowPageTraceBehavior [ RunTime:0.002000s ]
INFO: [ app_end ] --END-- [ RunTime:0.002000s ]

[ 2018-01-21T21:40:16+08:00 ] ::1 /hospital/index.php/Admin/Login/verifyImg
INFO: [ app_init ] --START--
INFO: Run Behavior\BuildLiteBehavior [ RunTime:0.000000s ]
INFO: [ app_init ] --END-- [ RunTime:0.004000s ]
INFO: [ app_begin ] --START--
INFO: Run Behavior\ReadHtmlCacheBehavior [ RunTime:0.003000s ]
INFO: [ app_begin ] --END-- [ RunTime:0.003000s ]
INFO: [ app_end ] --START--
INFO: Run Behavior\ShowPageTraceBehavior [ RunTime:0.001000s ]
INFO: [ app_end ] --END-- [ RunTime:0.002000s ]

[ 2018-01-21T21:40:28+08:00 ] ::1 /hospital/index.php/Admin/Login/login
INFO: [ app_init ] --START--
INFO: Run Behavior\BuildLiteBehavior [ RunTime:0.000000s ]
INFO: [ app_init ] --END-- [ RunTime:0.002000s ]
INFO: [ app_begin ] --START--
INFO: Run Behavior\ReadHtmlCacheBehavior [ RunTime:0.002000s ]
INFO: [ app_begin ] --END-- [ RunTime:0.002000s ]
SQL: SHOW COLUMNS FROM `login` [ RunTime:0.0090s ]
NOTIC: [8] Undefined index: validate C:\xampp\htdocs\hospital\ThinkPHP\Library\Think\Model.class.php 第 1185 行.
SQL: SHOW COLUMNS FROM `login` [ RunTime:0.0020s ]
SQL: SELECT * FROM `login` WHERE ( name='paul' ) LIMIT 1   [ RunTime:0.0050s ]
NOTIC: [8] Undefined index: idcard C:\xampp\htdocs\hospital\ThinkPHP\Library\Think\Model.class.php 第 1217 行.
NOTIC: [8] Undefined index: idcard C:\xampp\htdocs\hospital\ThinkPHP\Library\Think\Model.class.php 第 1217 行.
NOTIC: [8] Undefined index: pwd1 C:\xampp\htdocs\hospital\ThinkPHP\Library\Think\Model.class.php 第 1217 行.
SQL: SELECT * FROM `login` WHERE ( name='paul' ) LIMIT 1   [ RunTime:0.0010s ]
SQL: SHOW COLUMNS FROM `admin` [ RunTime:0.0120s ]
SQL: SELECT * FROM `admin` INNER JOIN hospital ON hospital.hos_code = admin.hos_code  WHERE ( admin_name = 'paul' )  [ RunTime:0.0140s ]

[ 2018-01-21T21:40:28+08:00 ] ::1 /hospital/index.php/Admin/HospitalManager/hos_info_manage.html
INFO: [ app_init ] --START--
INFO: Run Behavior\BuildLiteBehavior [ RunTime:0.000000s ]
INFO: [ app_init ] --END-- [ RunTime:0.001001s ]
INFO: [ app_begin ] --START--
INFO: Run Behavior\ReadHtmlCacheBehavior [ RunTime:0.001000s ]
INFO: [ app_begin ] --END-- [ RunTime:0.002000s ]
SQL: SHOW COLUMNS FROM `hospital` [ RunTime:0.0090s ]
SQL: SELECT * FROM `hospital` WHERE ( hos_name = '青岛市市立医院' ) LIMIT 1   [ RunTime:0.0010s ]
INFO: [ view_parse ] --START--
INFO: Run Behavior\ParseTemplateBehavior [ RunTime:0.190011s ]
INFO: [ view_parse ] --END-- [ RunTime:0.190011s ]
INFO: [ view_filter ] --START--
INFO: Run Behavior\WriteHtmlCacheBehavior [ RunTime:0.002000s ]
INFO: [ view_filter ] --END-- [ RunTime:0.003000s ]
INFO: [ app_end ] --START--
INFO: Run Behavior\ShowPageTraceBehavior [ RunTime:0.002000s ]
INFO: [ app_end ] --END-- [ RunTime:0.002000s ]

